{"C:\\Users\\Cesar\\Documents\\team_7\\src\\components\\CartNotification.jsx": {"path":"C:\\Users\\Cesar\\Documents\\team_7\\src\\components\\CartNotification.jsx","statementMap":{"0":{"start":{"line":4,"column":25},"end":{"line":13,"column":null}},"1":{"start":{"line":5,"column":2},"end":{"line":5,"column":null}},"2":{"start":{"line":5,"column":16},"end":{"line":5,"column":null}},"3":{"start":{"line":7,"column":2},"end":{"line":11,"column":null}}},"fnMap":{"0":{"name":"(anonymous_0)","decl":{"start":{"line":4,"column":25},"end":{"line":4,"column":26}},"loc":{"start":{"line":4,"column":42},"end":{"line":13,"column":null}},"line":4}},"branchMap":{"0":{"loc":{"start":{"line":5,"column":2},"end":{"line":5,"column":null}},"type":"if","locations":[{"start":{"line":5,"column":2},"end":{"line":5,"column":null}},{"start":{},"end":{}}],"line":5}},"s":{"0":1,"1":7,"2":2,"3":5},"f":{"0":7},"b":{"0":[2,5]},"meta":{"lastBranch":1,"lastFunction":1,"lastStatement":4,"seen":{"s:4:25:13:Infinity":0,"f:4:25:4:26":0,"b:5:2:5:Infinity:undefined:undefined:undefined:undefined":0,"s:5:2:5:Infinity":1,"s:5:16:5:Infinity":2,"s:7:2:11:Infinity":3}}}
,"C:\\Users\\Cesar\\Documents\\team_7\\src\\components\\ErrorMessage.jsx": {"path":"C:\\Users\\Cesar\\Documents\\team_7\\src\\components\\ErrorMessage.jsx","statementMap":{"0":{"start":{"line":3,"column":21},"end":{"line":16,"column":null}},"1":{"start":{"line":4,"column":2},"end":{"line":14,"column":null}}},"fnMap":{"0":{"name":"(anonymous_0)","decl":{"start":{"line":3,"column":21},"end":{"line":3,"column":22}},"loc":{"start":{"line":3,"column":47},"end":{"line":16,"column":null}},"line":3}},"branchMap":{"0":{"loc":{"start":{"line":8,"column":36},"end":{"line":8,"column":75}},"type":"binary-expr","locations":[{"start":{"line":8,"column":36},"end":{"line":8,"column":47}},{"start":{"line":8,"column":47},"end":{"line":8,"column":75}}],"line":8},"1":{"loc":{"start":{"line":9,"column":7},"end":{"line":12,"column":null}},"type":"binary-expr","locations":[{"start":{"line":9,"column":7},"end":{"line":9,"column":null}},{"start":{"line":10,"column":8},"end":{"line":12,"column":null}}],"line":9}},"s":{"0":4,"1":8},"f":{"0":8},"b":{"0":[8,1],"1":[8,3]},"meta":{"lastBranch":2,"lastFunction":1,"lastStatement":2,"seen":{"s:3:21:16:Infinity":0,"f:3:21:3:22":0,"s:4:2:14:Infinity":1,"b:8:36:8:47:8:47:8:75":0,"b:9:7:9:Infinity:10:8:12:Infinity":1}}}
,"C:\\Users\\Cesar\\Documents\\team_7\\src\\components\\GameCard.jsx": {"path":"C:\\Users\\Cesar\\Documents\\team_7\\src\\components\\GameCard.jsx","statementMap":{"0":{"start":{"line":6,"column":17},"end":{"line":65,"column":null}},"1":{"start":{"line":7,"column":20},"end":{"line":7,"column":null}},"2":{"start":{"line":9,"column":26},"end":{"line":12,"column":null}},"3":{"start":{"line":10,"column":4},"end":{"line":10,"column":null}},"4":{"start":{"line":11,"column":4},"end":{"line":11,"column":null}},"5":{"start":{"line":14,"column":2},"end":{"line":63,"column":null}},"6":{"start":{"line":44,"column":12},"end":{"line":46,"column":null}}},"fnMap":{"0":{"name":"(anonymous_0)","decl":{"start":{"line":6,"column":17},"end":{"line":6,"column":18}},"loc":{"start":{"line":6,"column":31},"end":{"line":65,"column":null}},"line":6},"1":{"name":"(anonymous_1)","decl":{"start":{"line":9,"column":26},"end":{"line":9,"column":27}},"loc":{"start":{"line":9,"column":33},"end":{"line":12,"column":null}},"line":9},"2":{"name":"(anonymous_2)","decl":{"start":{"line":43,"column":41},"end":{"line":43,"column":42}},"loc":{"start":{"line":44,"column":12},"end":{"line":46,"column":null}},"line":44}},"branchMap":{"0":{"loc":{"start":{"line":18,"column":9},"end":{"line":19,"column":null}},"type":"binary-expr","locations":[{"start":{"line":18,"column":9},"end":{"line":18,"column":null}},{"start":{"line":19,"column":10},"end":{"line":19,"column":null}}],"line":18},"1":{"loc":{"start":{"line":52,"column":13},"end":{"line":58,"column":null}},"type":"cond-expr","locations":[{"start":{"line":53,"column":14},"end":{"line":56,"column":null}},{"start":{"line":58,"column":14},"end":{"line":58,"column":null}}],"line":52}},"s":{"0":4,"1":166,"2":166,"3":1,"4":1,"5":166,"6":323},"f":{"0":166,"1":1,"2":323},"b":{"0":[166,143],"1":[143,23]},"meta":{"lastBranch":2,"lastFunction":3,"lastStatement":7,"seen":{"s:6:17:65:Infinity":0,"f:6:17:6:18":0,"s:7:20:7:Infinity":1,"s:9:26:12:Infinity":2,"f:9:26:9:27":1,"s:10:4:10:Infinity":3,"s:11:4:11:Infinity":4,"s:14:2:63:Infinity":5,"b:18:9:18:Infinity:19:10:19:Infinity":0,"f:43:41:43:42":2,"s:44:12:46:Infinity":6,"b:53:14:56:Infinity:58:14:58:Infinity":1}}}
,"C:\\Users\\Cesar\\Documents\\team_7\\src\\components\\Header.jsx": {"path":"C:\\Users\\Cesar\\Documents\\team_7\\src\\components\\Header.jsx","statementMap":{"0":{"start":{"line":16,"column":15},"end":{"line":119,"column":null}},"1":{"start":{"line":17,"column":30},"end":{"line":17,"column":null}},"2":{"start":{"line":18,"column":28},"end":{"line":18,"column":null}},"3":{"start":{"line":19,"column":40},"end":{"line":19,"column":null}},"4":{"start":{"line":20,"column":21},"end":{"line":20,"column":null}},"5":{"start":{"line":22,"column":23},"end":{"line":25,"column":null}},"6":{"start":{"line":23,"column":4},"end":{"line":23,"column":null}},"7":{"start":{"line":24,"column":4},"end":{"line":24,"column":null}},"8":{"start":{"line":27,"column":2},"end":{"line":117,"column":null}},"9":{"start":{"line":37,"column":40},"end":{"line":37,"column":60}},"10":{"start":{"line":40,"column":47},"end":{"line":40,"column":67}},"11":{"start":{"line":46,"column":31},"end":{"line":46,"column":null}},"12":{"start":{"line":52,"column":45},"end":{"line":52,"column":65}},"13":{"start":{"line":68,"column":37},"end":{"line":68,"column":null}},"14":{"start":{"line":87,"column":33},"end":{"line":87,"column":null}},"15":{"start":{"line":94,"column":33},"end":{"line":94,"column":null}},"16":{"start":{"line":110,"column":29},"end":{"line":110,"column":null}}},"fnMap":{"0":{"name":"(anonymous_0)","decl":{"start":{"line":16,"column":15},"end":{"line":16,"column":21}},"loc":{"start":{"line":16,"column":21},"end":{"line":119,"column":null}},"line":16},"1":{"name":"(anonymous_1)","decl":{"start":{"line":22,"column":23},"end":{"line":22,"column":29}},"loc":{"start":{"line":22,"column":29},"end":{"line":25,"column":null}},"line":22},"2":{"name":"(anonymous_2)","decl":{"start":{"line":37,"column":34},"end":{"line":37,"column":40}},"loc":{"start":{"line":37,"column":40},"end":{"line":37,"column":60}},"line":37},"3":{"name":"(anonymous_3)","decl":{"start":{"line":40,"column":41},"end":{"line":40,"column":47}},"loc":{"start":{"line":40,"column":47},"end":{"line":40,"column":67}},"line":40},"4":{"name":"(anonymous_4)","decl":{"start":{"line":46,"column":25},"end":{"line":46,"column":31}},"loc":{"start":{"line":46,"column":31},"end":{"line":46,"column":null}},"line":46},"5":{"name":"(anonymous_5)","decl":{"start":{"line":52,"column":39},"end":{"line":52,"column":45}},"loc":{"start":{"line":52,"column":45},"end":{"line":52,"column":65}},"line":52},"6":{"name":"(anonymous_6)","decl":{"start":{"line":68,"column":31},"end":{"line":68,"column":37}},"loc":{"start":{"line":68,"column":37},"end":{"line":68,"column":null}},"line":68},"7":{"name":"(anonymous_7)","decl":{"start":{"line":87,"column":27},"end":{"line":87,"column":33}},"loc":{"start":{"line":87,"column":33},"end":{"line":87,"column":null}},"line":87},"8":{"name":"(anonymous_8)","decl":{"start":{"line":94,"column":27},"end":{"line":94,"column":33}},"loc":{"start":{"line":94,"column":33},"end":{"line":94,"column":null}},"line":94},"9":{"name":"(anonymous_9)","decl":{"start":{"line":110,"column":23},"end":{"line":110,"column":29}},"loc":{"start":{"line":110,"column":29},"end":{"line":110,"column":null}},"line":110}},"branchMap":{"0":{"loc":{"start":{"line":36,"column":33},"end":{"line":36,"column":59}},"type":"cond-expr","locations":[{"start":{"line":36,"column":44},"end":{"line":36,"column":57}},{"start":{"line":36,"column":57},"end":{"line":36,"column":59}}],"line":36},"1":{"loc":{"start":{"line":43,"column":13},"end":{"line":50,"column":null}},"type":"binary-expr","locations":[{"start":{"line":43,"column":13},"end":{"line":43,"column":null}},{"start":{"line":44,"column":14},"end":{"line":50,"column":null}}],"line":43},"2":{"loc":{"start":{"line":58,"column":13},"end":{"line":98,"column":null}},"type":"cond-expr","locations":[{"start":{"line":59,"column":14},"end":{"line":81,"column":null}},{"start":{"line":83,"column":14},"end":{"line":98,"column":null}}],"line":58},"3":{"loc":{"start":{"line":62,"column":47},"end":{"line":62,"column":73}},"type":"binary-expr","locations":[{"start":{"line":62,"column":47},"end":{"line":62,"column":61}},{"start":{"line":62,"column":61},"end":{"line":62,"column":73}}],"line":62},"4":{"loc":{"start":{"line":63,"column":19},"end":{"line":71,"column":null}},"type":"binary-expr","locations":[{"start":{"line":63,"column":19},"end":{"line":63,"column":null}},{"start":{"line":64,"column":20},"end":{"line":71,"column":null}}],"line":63},"5":{"loc":{"start":{"line":103,"column":15},"end":{"line":104,"column":null}},"type":"binary-expr","locations":[{"start":{"line":103,"column":15},"end":{"line":103,"column":null}},{"start":{"line":104,"column":16},"end":{"line":104,"column":null}}],"line":103},"6":{"loc":{"start":{"line":112,"column":15},"end":{"line":112,"column":null}},"type":"cond-expr","locations":[{"start":{"line":112,"column":26},"end":{"line":112,"column":46}},{"start":{"line":112,"column":46},"end":{"line":112,"column":null}}],"line":112}},"s":{"0":1,"1":15,"2":15,"3":15,"4":15,"5":15,"6":1,"7":1,"8":15,"9":0,"10":0,"11":0,"12":0,"13":0,"14":0,"15":0,"16":1},"f":{"0":15,"1":1,"2":0,"3":0,"4":0,"5":0,"6":0,"7":0,"8":0,"9":1},"b":{"0":[1,14],"1":[15,0],"2":[6,9],"3":[6,0],"4":[6,0],"5":[15,0],"6":[1,14]},"meta":{"lastBranch":7,"lastFunction":10,"lastStatement":17,"seen":{"s:16:15:119:Infinity":0,"f:16:15:16:21":0,"s:17:30:17:Infinity":1,"s:18:28:18:Infinity":2,"s:19:40:19:Infinity":3,"s:20:21:20:Infinity":4,"s:22:23:25:Infinity":5,"f:22:23:22:29":1,"s:23:4:23:Infinity":6,"s:24:4:24:Infinity":7,"s:27:2:117:Infinity":8,"b:36:44:36:57:36:57:36:59":0,"f:37:34:37:40":2,"s:37:40:37:60":9,"f:40:41:40:47":3,"s:40:47:40:67":10,"b:43:13:43:Infinity:44:14:50:Infinity":1,"f:46:25:46:31":4,"s:46:31:46:Infinity":11,"f:52:39:52:45":5,"s:52:45:52:65":12,"b:59:14:81:Infinity:83:14:98:Infinity":2,"b:62:47:62:61:62:61:62:73":3,"b:63:19:63:Infinity:64:20:71:Infinity":4,"f:68:31:68:37":6,"s:68:37:68:Infinity":13,"f:87:27:87:33":7,"s:87:33:87:Infinity":14,"f:94:27:94:33":8,"s:94:33:94:Infinity":15,"b:103:15:103:Infinity:104:16:104:Infinity":5,"f:110:23:110:29":9,"s:110:29:110:Infinity":16,"b:112:26:112:46:112:46:112:Infinity":6}}}
,"C:\\Users\\Cesar\\Documents\\team_7\\src\\components\\Loading.jsx": {"path":"C:\\Users\\Cesar\\Documents\\team_7\\src\\components\\Loading.jsx","statementMap":{"0":{"start":{"line":3,"column":16},"end":{"line":12,"column":null}},"1":{"start":{"line":4,"column":2},"end":{"line":10,"column":null}}},"fnMap":{"0":{"name":"(anonymous_0)","decl":{"start":{"line":3,"column":16},"end":{"line":3,"column":17}},"loc":{"start":{"line":3,"column":49},"end":{"line":12,"column":null}},"line":3}},"branchMap":{"0":{"loc":{"start":{"line":3,"column":19},"end":{"line":3,"column":43}},"type":"default-arg","locations":[{"start":{"line":3,"column":29},"end":{"line":3,"column":43}}],"line":3}},"s":{"0":4,"1":6},"f":{"0":6},"b":{"0":[6]},"meta":{"lastBranch":1,"lastFunction":1,"lastStatement":2,"seen":{"s:3:16:12:Infinity":0,"f:3:16:3:17":0,"b:3:29:3:43":0,"s:4:2:10:Infinity":1}}}
,"C:\\Users\\Cesar\\Documents\\team_7\\src\\components\\ProtectedRoute.jsx": {"path":"C:\\Users\\Cesar\\Documents\\team_7\\src\\components\\ProtectedRoute.jsx","statementMap":{"0":{"start":{"line":4,"column":23},"end":{"line":32,"column":null}},"1":{"start":{"line":5,"column":43},"end":{"line":5,"column":null}},"2":{"start":{"line":7,"column":2},"end":{"line":21,"column":null}},"3":{"start":{"line":8,"column":4},"end":{"line":19,"column":null}},"4":{"start":{"line":23,"column":2},"end":{"line":25,"column":null}},"5":{"start":{"line":24,"column":4},"end":{"line":24,"column":null}},"6":{"start":{"line":27,"column":2},"end":{"line":29,"column":null}},"7":{"start":{"line":28,"column":4},"end":{"line":28,"column":null}},"8":{"start":{"line":31,"column":2},"end":{"line":31,"column":null}}},"fnMap":{"0":{"name":"(anonymous_0)","decl":{"start":{"line":4,"column":23},"end":{"line":4,"column":24}},"loc":{"start":{"line":4,"column":60},"end":{"line":32,"column":null}},"line":4}},"branchMap":{"0":{"loc":{"start":{"line":4,"column":36},"end":{"line":4,"column":54}},"type":"default-arg","locations":[{"start":{"line":4,"column":48},"end":{"line":4,"column":54}}],"line":4},"1":{"loc":{"start":{"line":7,"column":2},"end":{"line":21,"column":null}},"type":"if","locations":[{"start":{"line":7,"column":2},"end":{"line":21,"column":null}},{"start":{},"end":{}}],"line":7},"2":{"loc":{"start":{"line":23,"column":2},"end":{"line":25,"column":null}},"type":"if","locations":[{"start":{"line":23,"column":2},"end":{"line":25,"column":null}},{"start":{},"end":{}}],"line":23},"3":{"loc":{"start":{"line":27,"column":2},"end":{"line":29,"column":null}},"type":"if","locations":[{"start":{"line":27,"column":2},"end":{"line":29,"column":null}},{"start":{},"end":{}}],"line":27},"4":{"loc":{"start":{"line":27,"column":6},"end":{"line":27,"column":35}},"type":"binary-expr","locations":[{"start":{"line":27,"column":6},"end":{"line":27,"column":19}},{"start":{"line":27,"column":19},"end":{"line":27,"column":35}}],"line":27}},"s":{"0":1,"1":9,"2":9,"3":2,"4":7,"5":1,"6":6,"7":1,"8":5},"f":{"0":9},"b":{"0":[9],"1":[2,7],"2":[1,6],"3":[1,5],"4":[6,2]},"meta":{"lastBranch":5,"lastFunction":1,"lastStatement":9,"seen":{"s:4:23:32:Infinity":0,"f:4:23:4:24":0,"b:4:48:4:54":0,"s:5:43:5:Infinity":1,"b:7:2:21:Infinity:undefined:undefined:undefined:undefined":1,"s:7:2:21:Infinity":2,"s:8:4:19:Infinity":3,"b:23:2:25:Infinity:undefined:undefined:undefined:undefined":2,"s:23:2:25:Infinity":4,"s:24:4:24:Infinity":5,"b:27:2:29:Infinity:undefined:undefined:undefined:undefined":3,"s:27:2:29:Infinity":6,"b:27:6:27:19:27:19:27:35":4,"s:28:4:28:Infinity":7,"s:31:2:31:Infinity":8}}}
,"C:\\Users\\Cesar\\Documents\\team_7\\src\\components\\TextType.jsx": {"path":"C:\\Users\\Cesar\\Documents\\team_7\\src\\components\\TextType.jsx","statementMap":{"0":{"start":{"line":12,"column":17},"end":{"line":189,"column":null}},"1":{"start":{"line":33,"column":40},"end":{"line":33,"column":null}},"2":{"start":{"line":34,"column":46},"end":{"line":34,"column":null}},"3":{"start":{"line":35,"column":34},"end":{"line":35,"column":null}},"4":{"start":{"line":36,"column":46},"end":{"line":36,"column":null}},"5":{"start":{"line":37,"column":32},"end":{"line":37,"column":null}},"6":{"start":{"line":38,"column":8},"end":{"line":38,"column":null}},"7":{"start":{"line":39,"column":8},"end":{"line":39,"column":null}},"8":{"start":{"line":41,"column":8},"end":{"line":44,"column":null}},"9":{"start":{"line":42,"column":11},"end":{"line":42,"column":null}},"10":{"start":{"line":46,"column":8},"end":{"line":50,"column":null}},"11":{"start":{"line":47,"column":4},"end":{"line":47,"column":null}},"12":{"start":{"line":47,"column":24},"end":{"line":47,"column":null}},"13":{"start":{"line":48,"column":25},"end":{"line":48,"column":null}},"14":{"start":{"line":49,"column":4},"end":{"line":49,"column":null}},"15":{"start":{"line":52,"column":30},"end":{"line":55,"column":null}},"16":{"start":{"line":53,"column":4},"end":{"line":53,"column":null}},"17":{"start":{"line":53,"column":33},"end":{"line":53,"column":null}},"18":{"start":{"line":54,"column":4},"end":{"line":54,"column":null}},"19":{"start":{"line":57,"column":2},"end":{"line":73,"column":null}},"20":{"start":{"line":58,"column":4},"end":{"line":58,"column":null}},"21":{"start":{"line":58,"column":50},"end":{"line":58,"column":null}},"22":{"start":{"line":60,"column":21},"end":{"line":69,"column":null}},"23":{"start":{"line":62,"column":8},"end":{"line":66,"column":null}},"24":{"start":{"line":63,"column":10},"end":{"line":65,"column":null}},"25":{"start":{"line":64,"column":12},"end":{"line":64,"column":null}},"26":{"start":{"line":71,"column":4},"end":{"line":71,"column":null}},"27":{"start":{"line":72,"column":4},"end":{"line":72,"column":null}},"28":{"start":{"line":72,"column":17},"end":{"line":72,"column":null}},"29":{"start":{"line":75,"column":2},"end":{"line":86,"column":null}},"30":{"start":{"line":76,"column":4},"end":{"line":85,"column":null}},"31":{"start":{"line":77,"column":6},"end":{"line":77,"column":null}},"32":{"start":{"line":78,"column":6},"end":{"line":84,"column":null}},"33":{"start":{"line":88,"column":2},"end":{"line":159,"column":null}},"34":{"start":{"line":89,"column":4},"end":{"line":89,"column":null}},"35":{"start":{"line":89,"column":20},"end":{"line":89,"column":null}},"36":{"start":{"line":92,"column":24},"end":{"line":92,"column":null}},"37":{"start":{"line":93,"column":26},"end":{"line":95,"column":null}},"38":{"start":{"line":97,"column":35},"end":{"line":134,"column":null}},"39":{"start":{"line":98,"column":6},"end":{"line":133,"column":null}},"40":{"start":{"line":99,"column":8},"end":{"line":116,"column":null}},"41":{"start":{"line":100,"column":10},"end":{"line":100,"column":null}},"42":{"start":{"line":101,"column":10},"end":{"line":103,"column":null}},"43":{"start":{"line":102,"column":12},"end":{"line":102,"column":null}},"44":{"start":{"line":105,"column":10},"end":{"line":107,"column":null}},"45":{"start":{"line":106,"column":12},"end":{"line":106,"column":null}},"46":{"start":{"line":109,"column":10},"end":{"line":109,"column":null}},"47":{"start":{"line":109,"column":31},"end":{"line":109,"column":69}},"48":{"start":{"line":110,"column":10},"end":{"line":110,"column":null}},"49":{"start":{"line":111,"column":10},"end":{"line":111,"column":null}},"50":{"start":{"line":113,"column":10},"end":{"line":115,"column":null}},"51":{"start":{"line":114,"column":12},"end":{"line":114,"column":null}},"52":{"start":{"line":114,"column":39},"end":{"line":114,"column":56}},"53":{"start":{"line":118,"column":8},"end":{"line":132,"column":null}},"54":{"start":{"line":119,"column":10},"end":{"line":127,"column":null}},"55":{"start":{"line":121,"column":14},"end":{"line":123,"column":null}},"56":{"start":{"line":122,"column":26},"end":{"line":122,"column":null}},"57":{"start":{"line":124,"column":14},"end":{"line":124,"column":null}},"58":{"start":{"line":124,"column":44},"end":{"line":124,"column":52}},"59":{"start":{"line":128,"column":8},"end":{"line":132,"column":null}},"60":{"start":{"line":129,"column":10},"end":{"line":131,"column":null}},"61":{"start":{"line":130,"column":12},"end":{"line":130,"column":null}},"62":{"start":{"line":136,"column":4},"end":{"line":140,"column":null}},"63":{"start":{"line":137,"column":6},"end":{"line":137,"column":null}},"64":{"start":{"line":139,"column":6},"end":{"line":139,"column":null}},"65":{"start":{"line":142,"column":4},"end":{"line":142,"column":null}},"66":{"start":{"line":142,"column":17},"end":{"line":142,"column":null}},"67":{"start":{"line":162,"column":4},"end":{"line":163,"column":null}},"68":{"start":{"line":165,"column":2},"end":{"line":188,"column":null}}},"fnMap":{"0":{"name":"(anonymous_0)","decl":{"start":{"line":12,"column":17},"end":{"line":12,"column":18}},"loc":{"start":{"line":32,"column":6},"end":{"line":189,"column":null}},"line":32},"1":{"name":"(anonymous_1)","decl":{"start":{"line":42,"column":4},"end":{"line":42,"column":11}},"loc":{"start":{"line":42,"column":11},"end":{"line":42,"column":null}},"line":42},"2":{"name":"(anonymous_2)","decl":{"start":{"line":46,"column":37},"end":{"line":46,"column":43}},"loc":{"start":{"line":46,"column":43},"end":{"line":50,"column":5}},"line":46},"3":{"name":"(anonymous_3)","decl":{"start":{"line":52,"column":30},"end":{"line":52,"column":36}},"loc":{"start":{"line":52,"column":36},"end":{"line":55,"column":null}},"line":52},"4":{"name":"(anonymous_4)","decl":{"start":{"line":57,"column":12},"end":{"line":57,"column":18}},"loc":{"start":{"line":57,"column":18},"end":{"line":73,"column":5}},"line":57},"5":{"name":"(anonymous_5)","decl":{"start":{"line":61,"column":6},"end":{"line":61,"column":7}},"loc":{"start":{"line":61,"column":19},"end":{"line":67,"column":null}},"line":61},"6":{"name":"(anonymous_6)","decl":{"start":{"line":62,"column":24},"end":{"line":62,"column":25}},"loc":{"start":{"line":62,"column":35},"end":{"line":66,"column":9}},"line":62},"7":{"name":"(anonymous_7)","decl":{"start":{"line":72,"column":11},"end":{"line":72,"column":17}},"loc":{"start":{"line":72,"column":17},"end":{"line":72,"column":null}},"line":72},"8":{"name":"(anonymous_8)","decl":{"start":{"line":75,"column":12},"end":{"line":75,"column":18}},"loc":{"start":{"line":75,"column":18},"end":{"line":86,"column":5}},"line":75},"9":{"name":"(anonymous_9)","decl":{"start":{"line":88,"column":12},"end":{"line":88,"column":18}},"loc":{"start":{"line":88,"column":18},"end":{"line":144,"column":5}},"line":88},"10":{"name":"(anonymous_10)","decl":{"start":{"line":97,"column":35},"end":{"line":97,"column":41}},"loc":{"start":{"line":97,"column":41},"end":{"line":134,"column":null}},"line":97},"11":{"name":"(anonymous_11)","decl":{"start":{"line":109,"column":30},"end":{"line":109,"column":31}},"loc":{"start":{"line":109,"column":31},"end":{"line":109,"column":69}},"line":109},"12":{"name":"(anonymous_12)","decl":{"start":{"line":111,"column":31},"end":{"line":111,"column":37}},"loc":{"start":{"line":111,"column":37},"end":{"line":111,"column":41}},"line":111},"13":{"name":"(anonymous_13)","decl":{"start":{"line":113,"column":31},"end":{"line":113,"column":37}},"loc":{"start":{"line":113,"column":37},"end":{"line":115,"column":13}},"line":113},"14":{"name":"(anonymous_14)","decl":{"start":{"line":114,"column":29},"end":{"line":114,"column":30}},"loc":{"start":{"line":114,"column":39},"end":{"line":114,"column":56}},"line":114},"15":{"name":"(anonymous_15)","decl":{"start":{"line":120,"column":12},"end":{"line":120,"column":18}},"loc":{"start":{"line":120,"column":18},"end":{"line":125,"column":null}},"line":120},"16":{"name":"(anonymous_16)","decl":{"start":{"line":122,"column":16},"end":{"line":122,"column":17}},"loc":{"start":{"line":122,"column":26},"end":{"line":122,"column":null}},"line":122},"17":{"name":"(anonymous_17)","decl":{"start":{"line":124,"column":34},"end":{"line":124,"column":35}},"loc":{"start":{"line":124,"column":44},"end":{"line":124,"column":52}},"line":124},"18":{"name":"(anonymous_18)","decl":{"start":{"line":129,"column":31},"end":{"line":129,"column":37}},"loc":{"start":{"line":129,"column":37},"end":{"line":131,"column":13}},"line":129},"19":{"name":"(anonymous_19)","decl":{"start":{"line":142,"column":11},"end":{"line":142,"column":17}},"loc":{"start":{"line":142,"column":17},"end":{"line":142,"column":null}},"line":142}},"branchMap":{"0":{"loc":{"start":{"line":14,"column":6},"end":{"line":14,"column":null}},"type":"default-arg","locations":[{"start":{"line":14,"column":18},"end":{"line":14,"column":null}}],"line":14},"1":{"loc":{"start":{"line":15,"column":2},"end":{"line":15,"column":null}},"type":"default-arg","locations":[{"start":{"line":15,"column":16},"end":{"line":15,"column":null}}],"line":15},"2":{"loc":{"start":{"line":16,"column":2},"end":{"line":16,"column":null}},"type":"default-arg","locations":[{"start":{"line":16,"column":17},"end":{"line":16,"column":null}}],"line":16},"3":{"loc":{"start":{"line":17,"column":2},"end":{"line":17,"column":null}},"type":"default-arg","locations":[{"start":{"line":17,"column":18},"end":{"line":17,"column":null}}],"line":17},"4":{"loc":{"start":{"line":18,"column":2},"end":{"line":18,"column":null}},"type":"default-arg","locations":[{"start":{"line":18,"column":18},"end":{"line":18,"column":null}}],"line":18},"5":{"loc":{"start":{"line":19,"column":2},"end":{"line":19,"column":null}},"type":"default-arg","locations":[{"start":{"line":19,"column":9},"end":{"line":19,"column":null}}],"line":19},"6":{"loc":{"start":{"line":20,"column":2},"end":{"line":20,"column":null}},"type":"default-arg","locations":[{"start":{"line":20,"column":14},"end":{"line":20,"column":null}}],"line":20},"7":{"loc":{"start":{"line":21,"column":2},"end":{"line":21,"column":null}},"type":"default-arg","locations":[{"start":{"line":21,"column":15},"end":{"line":21,"column":null}}],"line":21},"8":{"loc":{"start":{"line":22,"column":2},"end":{"line":22,"column":null}},"type":"default-arg","locations":[{"start":{"line":22,"column":26},"end":{"line":22,"column":null}}],"line":22},"9":{"loc":{"start":{"line":23,"column":2},"end":{"line":23,"column":null}},"type":"default-arg","locations":[{"start":{"line":23,"column":20},"end":{"line":23,"column":null}}],"line":23},"10":{"loc":{"start":{"line":24,"column":2},"end":{"line":24,"column":null}},"type":"default-arg","locations":[{"start":{"line":24,"column":20},"end":{"line":24,"column":null}}],"line":24},"11":{"loc":{"start":{"line":25,"column":2},"end":{"line":25,"column":null}},"type":"default-arg","locations":[{"start":{"line":25,"column":24},"end":{"line":25,"column":null}}],"line":25},"12":{"loc":{"start":{"line":26,"column":2},"end":{"line":26,"column":null}},"type":"default-arg","locations":[{"start":{"line":26,"column":15},"end":{"line":26,"column":null}}],"line":26},"13":{"loc":{"start":{"line":29,"column":2},"end":{"line":29,"column":null}},"type":"default-arg","locations":[{"start":{"line":29,"column":19},"end":{"line":29,"column":null}}],"line":29},"14":{"loc":{"start":{"line":30,"column":2},"end":{"line":30,"column":null}},"type":"default-arg","locations":[{"start":{"line":30,"column":16},"end":{"line":30,"column":null}}],"line":30},"15":{"loc":{"start":{"line":42,"column":11},"end":{"line":42,"column":null}},"type":"cond-expr","locations":[{"start":{"line":42,"column":33},"end":{"line":42,"column":40}},{"start":{"line":42,"column":40},"end":{"line":42,"column":null}}],"line":42},"16":{"loc":{"start":{"line":47,"column":4},"end":{"line":47,"column":null}},"type":"if","locations":[{"start":{"line":47,"column":4},"end":{"line":47,"column":null}},{"start":{},"end":{}}],"line":47},"17":{"loc":{"start":{"line":53,"column":4},"end":{"line":53,"column":null}},"type":"if","locations":[{"start":{"line":53,"column":4},"end":{"line":53,"column":null}},{"start":{},"end":{}}],"line":53},"18":{"loc":{"start":{"line":58,"column":4},"end":{"line":58,"column":null}},"type":"if","locations":[{"start":{"line":58,"column":4},"end":{"line":58,"column":null}},{"start":{},"end":{}}],"line":58},"19":{"loc":{"start":{"line":58,"column":8},"end":{"line":58,"column":50}},"type":"binary-expr","locations":[{"start":{"line":58,"column":8},"end":{"line":58,"column":27}},{"start":{"line":58,"column":27},"end":{"line":58,"column":50}}],"line":58},"20":{"loc":{"start":{"line":63,"column":10},"end":{"line":65,"column":null}},"type":"if","locations":[{"start":{"line":63,"column":10},"end":{"line":65,"column":null}},{"start":{},"end":{}}],"line":63},"21":{"loc":{"start":{"line":76,"column":4},"end":{"line":85,"column":null}},"type":"if","locations":[{"start":{"line":76,"column":4},"end":{"line":85,"column":null}},{"start":{},"end":{}}],"line":76},"22":{"loc":{"start":{"line":76,"column":8},"end":{"line":76,"column":41}},"type":"binary-expr","locations":[{"start":{"line":76,"column":8},"end":{"line":76,"column":22}},{"start":{"line":76,"column":22},"end":{"line":76,"column":41}}],"line":76},"23":{"loc":{"start":{"line":89,"column":4},"end":{"line":89,"column":null}},"type":"if","locations":[{"start":{"line":89,"column":4},"end":{"line":89,"column":null}},{"start":{},"end":{}}],"line":89},"24":{"loc":{"start":{"line":93,"column":26},"end":{"line":95,"column":null}},"type":"cond-expr","locations":[{"start":{"line":94,"column":8},"end":{"line":94,"column":null}},{"start":{"line":95,"column":8},"end":{"line":95,"column":null}}],"line":93},"25":{"loc":{"start":{"line":98,"column":6},"end":{"line":133,"column":null}},"type":"if","locations":[{"start":{"line":98,"column":6},"end":{"line":133,"column":null}},{"start":{"line":117,"column":13},"end":{"line":133,"column":null}}],"line":98},"26":{"loc":{"start":{"line":99,"column":8},"end":{"line":116,"column":null}},"type":"if","locations":[{"start":{"line":99,"column":8},"end":{"line":116,"column":null}},{"start":{"line":112,"column":15},"end":{"line":116,"column":null}}],"line":99},"27":{"loc":{"start":{"line":101,"column":10},"end":{"line":103,"column":null}},"type":"if","locations":[{"start":{"line":101,"column":10},"end":{"line":103,"column":null}},{"start":{},"end":{}}],"line":101},"28":{"loc":{"start":{"line":101,"column":14},"end":{"line":101,"column":66}},"type":"binary-expr","locations":[{"start":{"line":101,"column":14},"end":{"line":101,"column":59}},{"start":{"line":101,"column":59},"end":{"line":101,"column":66}}],"line":101},"29":{"loc":{"start":{"line":105,"column":10},"end":{"line":107,"column":null}},"type":"if","locations":[{"start":{"line":105,"column":10},"end":{"line":107,"column":null}},{"start":{},"end":{}}],"line":105},"30":{"loc":{"start":{"line":118,"column":8},"end":{"line":132,"column":null}},"type":"if","locations":[{"start":{"line":118,"column":8},"end":{"line":132,"column":null}},{"start":{"line":128,"column":8},"end":{"line":132,"column":null}}],"line":118},"31":{"loc":{"start":{"line":126,"column":12},"end":{"line":126,"column":null}},"type":"cond-expr","locations":[{"start":{"line":126,"column":28},"end":{"line":126,"column":47}},{"start":{"line":126,"column":47},"end":{"line":126,"column":null}}],"line":126},"32":{"loc":{"start":{"line":128,"column":8},"end":{"line":132,"column":null}},"type":"if","locations":[{"start":{"line":128,"column":8},"end":{"line":132,"column":null}},{"start":{},"end":{}}],"line":128},"33":{"loc":{"start":{"line":136,"column":4},"end":{"line":140,"column":null}},"type":"if","locations":[{"start":{"line":136,"column":4},"end":{"line":140,"column":null}},{"start":{"line":138,"column":11},"end":{"line":140,"column":null}}],"line":136},"34":{"loc":{"start":{"line":136,"column":8},"end":{"line":136,"column":71}},"type":"binary-expr","locations":[{"start":{"line":136,"column":8},"end":{"line":136,"column":34}},{"start":{"line":136,"column":34},"end":{"line":136,"column":49}},{"start":{"line":136,"column":49},"end":{"line":136,"column":71}}],"line":136},"35":{"loc":{"start":{"line":162,"column":4},"end":{"line":163,"column":null}},"type":"binary-expr","locations":[{"start":{"line":162,"column":4},"end":{"line":162,"column":null}},{"start":{"line":163,"column":5},"end":{"line":163,"column":62}},{"start":{"line":163,"column":62},"end":{"line":163,"column":null}}],"line":162},"36":{"loc":{"start":{"line":178,"column":4},"end":{"line":186,"column":null}},"type":"binary-expr","locations":[{"start":{"line":178,"column":4},"end":{"line":178,"column":null}},{"start":{"line":179,"column":6},"end":{"line":186,"column":null}}],"line":178},"37":{"loc":{"start":{"line":182,"column":10},"end":{"line":182,"column":null}},"type":"cond-expr","locations":[{"start":{"line":182,"column":29},"end":{"line":182,"column":59}},{"start":{"line":182,"column":59},"end":{"line":182,"column":null}}],"line":182}},"s":{"0":2,"1":28,"2":28,"3":28,"4":28,"5":28,"6":28,"7":28,"8":28,"9":28,"10":28,"11":0,"12":0,"13":0,"14":0,"15":28,"16":28,"17":28,"18":0,"19":28,"20":28,"21":28,"22":0,"23":0,"24":0,"25":0,"26":0,"27":0,"28":0,"29":28,"30":28,"31":27,"32":27,"33":28,"34":28,"35":0,"36":28,"37":28,"38":28,"39":0,"40":0,"41":0,"42":0,"43":0,"44":0,"45":0,"46":0,"47":0,"48":0,"49":0,"50":0,"51":0,"52":0,"53":0,"54":0,"55":0,"56":0,"57":0,"58":0,"59":0,"60":0,"61":0,"62":28,"63":28,"64":0,"65":28,"66":28,"67":28,"68":28},"f":{"0":28,"1":28,"2":0,"3":28,"4":28,"5":0,"6":0,"7":0,"8":28,"9":28,"10":0,"11":0,"12":0,"13":0,"14":0,"15":0,"16":0,"17":0,"18":0,"19":28},"b":{"0":[28],"1":[28],"2":[28],"3":[28],"4":[28],"5":[28],"6":[28],"7":[28],"8":[28],"9":[28],"10":[28],"11":[28],"12":[28],"13":[28],"14":[28],"15":[17,11],"16":[0,0],"17":[28,0],"18":[28,0],"19":[28,0],"20":[0,0],"21":[27,1],"22":[28,27],"23":[0,28],"24":[0,28],"25":[0,0],"26":[0,0],"27":[0,0],"28":[0,0],"29":[0,0],"30":[0,0],"31":[0,0],"32":[0,0],"33":[28,0],"34":[28,28,28],"35":[28,0,0],"36":[28,27],"37":[0,27]},"meta":{"lastBranch":38,"lastFunction":20,"lastStatement":69,"seen":{"s:12:17:189:Infinity":0,"f:12:17:12:18":0,"b:14:18:14:Infinity":0,"b:15:16:15:Infinity":1,"b:16:17:16:Infinity":2,"b:17:18:17:Infinity":3,"b:18:18:18:Infinity":4,"b:19:9:19:Infinity":5,"b:20:14:20:Infinity":6,"b:21:15:21:Infinity":7,"b:22:26:22:Infinity":8,"b:23:20:23:Infinity":9,"b:24:20:24:Infinity":10,"b:25:24:25:Infinity":11,"b:26:15:26:Infinity":12,"b:29:19:29:Infinity":13,"b:30:16:30:Infinity":14,"s:33:40:33:Infinity":1,"s:34:46:34:Infinity":2,"s:35:34:35:Infinity":3,"s:36:46:36:Infinity":4,"s:37:32:37:Infinity":5,"s:38:8:38:Infinity":6,"s:39:8:39:Infinity":7,"s:41:8:44:Infinity":8,"f:42:4:42:11":1,"s:42:11:42:Infinity":9,"b:42:33:42:40:42:40:42:Infinity":15,"s:46:8:50:Infinity":10,"f:46:37:46:43":2,"b:47:4:47:Infinity:undefined:undefined:undefined:undefined":16,"s:47:4:47:Infinity":11,"s:47:24:47:Infinity":12,"s:48:25:48:Infinity":13,"s:49:4:49:Infinity":14,"s:52:30:55:Infinity":15,"f:52:30:52:36":3,"b:53:4:53:Infinity:undefined:undefined:undefined:undefined":17,"s:53:4:53:Infinity":16,"s:53:33:53:Infinity":17,"s:54:4:54:Infinity":18,"s:57:2:73:Infinity":19,"f:57:12:57:18":4,"b:58:4:58:Infinity:undefined:undefined:undefined:undefined":18,"s:58:4:58:Infinity":20,"b:58:8:58:27:58:27:58:50":19,"s:58:50:58:Infinity":21,"s:60:21:69:Infinity":22,"f:61:6:61:7":5,"s:62:8:66:Infinity":23,"f:62:24:62:25":6,"b:63:10:65:Infinity:undefined:undefined:undefined:undefined":20,"s:63:10:65:Infinity":24,"s:64:12:64:Infinity":25,"s:71:4:71:Infinity":26,"s:72:4:72:Infinity":27,"f:72:11:72:17":7,"s:72:17:72:Infinity":28,"s:75:2:86:Infinity":29,"f:75:12:75:18":8,"b:76:4:85:Infinity:undefined:undefined:undefined:undefined":21,"s:76:4:85:Infinity":30,"b:76:8:76:22:76:22:76:41":22,"s:77:6:77:Infinity":31,"s:78:6:84:Infinity":32,"s:88:2:159:Infinity":33,"f:88:12:88:18":9,"b:89:4:89:Infinity:undefined:undefined:undefined:undefined":23,"s:89:4:89:Infinity":34,"s:89:20:89:Infinity":35,"s:92:24:92:Infinity":36,"s:93:26:95:Infinity":37,"b:94:8:94:Infinity:95:8:95:Infinity":24,"s:97:35:134:Infinity":38,"f:97:35:97:41":10,"b:98:6:133:Infinity:117:13:133:Infinity":25,"s:98:6:133:Infinity":39,"b:99:8:116:Infinity:112:15:116:Infinity":26,"s:99:8:116:Infinity":40,"s:100:10:100:Infinity":41,"b:101:10:103:Infinity:undefined:undefined:undefined:undefined":27,"s:101:10:103:Infinity":42,"b:101:14:101:59:101:59:101:66":28,"s:102:12:102:Infinity":43,"b:105:10:107:Infinity:undefined:undefined:undefined:undefined":29,"s:105:10:107:Infinity":44,"s:106:12:106:Infinity":45,"s:109:10:109:Infinity":46,"f:109:30:109:31":11,"s:109:31:109:69":47,"s:110:10:110:Infinity":48,"s:111:10:111:Infinity":49,"f:111:31:111:37":12,"s:113:10:115:Infinity":50,"f:113:31:113:37":13,"s:114:12:114:Infinity":51,"f:114:29:114:30":14,"s:114:39:114:56":52,"b:118:8:132:Infinity:128:8:132:Infinity":30,"s:118:8:132:Infinity":53,"s:119:10:127:Infinity":54,"f:120:12:120:18":15,"s:121:14:123:Infinity":55,"f:122:16:122:17":16,"s:122:26:122:Infinity":56,"s:124:14:124:Infinity":57,"f:124:34:124:35":17,"s:124:44:124:52":58,"b:126:28:126:47:126:47:126:Infinity":31,"b:128:8:132:Infinity:undefined:undefined:undefined:undefined":32,"s:128:8:132:Infinity":59,"s:129:10:131:Infinity":60,"f:129:31:129:37":18,"s:130:12:130:Infinity":61,"b:136:4:140:Infinity:138:11:140:Infinity":33,"s:136:4:140:Infinity":62,"b:136:8:136:34:136:34:136:49:136:49:136:71":34,"s:137:6:137:Infinity":63,"s:139:6:139:Infinity":64,"s:142:4:142:Infinity":65,"f:142:11:142:17":19,"s:142:17:142:Infinity":66,"s:162:4:163:Infinity":67,"b:162:4:162:Infinity:163:5:163:62:163:62:163:Infinity":35,"s:165:2:188:Infinity":68,"b:178:4:178:Infinity:179:6:186:Infinity":36,"b:182:29:182:59:182:59:182:Infinity":37}}}
,"C:\\Users\\Cesar\\Documents\\team_7\\src\\context\\AuthContext.jsx": {"path":"C:\\Users\\Cesar\\Documents\\team_7\\src\\context\\AuthContext.jsx","statementMap":{"0":{"start":{"line":3,"column":6},"end":{"line":3,"column":null}},"1":{"start":{"line":5,"column":28},"end":{"line":57,"column":null}},"2":{"start":{"line":6,"column":22},"end":{"line":6,"column":null}},"3":{"start":{"line":7,"column":44},"end":{"line":7,"column":null}},"4":{"start":{"line":8,"column":32},"end":{"line":8,"column":null}},"5":{"start":{"line":11,"column":2},"end":{"line":24,"column":null}},"6":{"start":{"line":12,"column":23},"end":{"line":12,"column":null}},"7":{"start":{"line":13,"column":4},"end":{"line":22,"column":null}},"8":{"start":{"line":14,"column":6},"end":{"line":21,"column":null}},"9":{"start":{"line":15,"column":27},"end":{"line":15,"column":null}},"10":{"start":{"line":16,"column":8},"end":{"line":16,"column":null}},"11":{"start":{"line":17,"column":8},"end":{"line":17,"column":null}},"12":{"start":{"line":19,"column":8},"end":{"line":19,"column":null}},"13":{"start":{"line":20,"column":8},"end":{"line":20,"column":null}},"14":{"start":{"line":23,"column":4},"end":{"line":23,"column":null}},"15":{"start":{"line":27,"column":16},"end":{"line":31,"column":null}},"16":{"start":{"line":28,"column":4},"end":{"line":28,"column":null}},"17":{"start":{"line":29,"column":4},"end":{"line":29,"column":null}},"18":{"start":{"line":30,"column":4},"end":{"line":30,"column":null}},"19":{"start":{"line":34,"column":17},"end":{"line":38,"column":null}},"20":{"start":{"line":35,"column":4},"end":{"line":35,"column":null}},"21":{"start":{"line":36,"column":4},"end":{"line":36,"column":null}},"22":{"start":{"line":37,"column":4},"end":{"line":37,"column":null}},"23":{"start":{"line":41,"column":21},"end":{"line":45,"column":null}},"24":{"start":{"line":42,"column":24},"end":{"line":42,"column":null}},"25":{"start":{"line":43,"column":4},"end":{"line":43,"column":null}},"26":{"start":{"line":44,"column":4},"end":{"line":44,"column":null}},"27":{"start":{"line":47,"column":16},"end":{"line":54,"column":null}},"28":{"start":{"line":56,"column":2},"end":{"line":56,"column":null}},"29":{"start":{"line":60,"column":23},"end":{"line":66,"column":null}},"30":{"start":{"line":61,"column":8},"end":{"line":61,"column":null}},"31":{"start":{"line":62,"column":2},"end":{"line":64,"column":null}},"32":{"start":{"line":63,"column":4},"end":{"line":63,"column":null}},"33":{"start":{"line":65,"column":2},"end":{"line":65,"column":null}}},"fnMap":{"0":{"name":"(anonymous_0)","decl":{"start":{"line":5,"column":28},"end":{"line":5,"column":29}},"loc":{"start":{"line":5,"column":46},"end":{"line":57,"column":null}},"line":5},"1":{"name":"(anonymous_1)","decl":{"start":{"line":11,"column":12},"end":{"line":11,"column":18}},"loc":{"start":{"line":11,"column":18},"end":{"line":24,"column":5}},"line":11},"2":{"name":"(anonymous_2)","decl":{"start":{"line":27,"column":16},"end":{"line":27,"column":17}},"loc":{"start":{"line":27,"column":30},"end":{"line":31,"column":null}},"line":27},"3":{"name":"(anonymous_3)","decl":{"start":{"line":34,"column":17},"end":{"line":34,"column":23}},"loc":{"start":{"line":34,"column":23},"end":{"line":38,"column":null}},"line":34},"4":{"name":"(anonymous_4)","decl":{"start":{"line":41,"column":21},"end":{"line":41,"column":22}},"loc":{"start":{"line":41,"column":38},"end":{"line":45,"column":null}},"line":41},"5":{"name":"(anonymous_5)","decl":{"start":{"line":60,"column":23},"end":{"line":60,"column":29}},"loc":{"start":{"line":60,"column":29},"end":{"line":66,"column":null}},"line":60}},"branchMap":{"0":{"loc":{"start":{"line":13,"column":4},"end":{"line":22,"column":null}},"type":"if","locations":[{"start":{"line":13,"column":4},"end":{"line":22,"column":null}},{"start":{},"end":{}}],"line":13},"1":{"loc":{"start":{"line":62,"column":2},"end":{"line":64,"column":null}},"type":"if","locations":[{"start":{"line":62,"column":2},"end":{"line":64,"column":null}},{"start":{},"end":{}}],"line":62}},"s":{"0":6,"1":6,"2":153,"3":153,"4":153,"5":153,"6":75,"7":75,"8":0,"9":0,"10":0,"11":0,"12":0,"13":0,"14":75,"15":153,"16":0,"17":0,"18":0,"19":153,"20":0,"21":0,"22":0,"23":153,"24":0,"25":0,"26":0,"27":153,"28":153,"29":6,"30":25,"31":25,"32":0,"33":25},"f":{"0":153,"1":75,"2":0,"3":0,"4":0,"5":25},"b":{"0":[0,75],"1":[0,25]},"meta":{"lastBranch":2,"lastFunction":6,"lastStatement":34,"seen":{"s:3:6:3:Infinity":0,"s:5:28:57:Infinity":1,"f:5:28:5:29":0,"s:6:22:6:Infinity":2,"s:7:44:7:Infinity":3,"s:8:32:8:Infinity":4,"s:11:2:24:Infinity":5,"f:11:12:11:18":1,"s:12:23:12:Infinity":6,"b:13:4:22:Infinity:undefined:undefined:undefined:undefined":0,"s:13:4:22:Infinity":7,"s:14:6:21:Infinity":8,"s:15:27:15:Infinity":9,"s:16:8:16:Infinity":10,"s:17:8:17:Infinity":11,"s:19:8:19:Infinity":12,"s:20:8:20:Infinity":13,"s:23:4:23:Infinity":14,"s:27:16:31:Infinity":15,"f:27:16:27:17":2,"s:28:4:28:Infinity":16,"s:29:4:29:Infinity":17,"s:30:4:30:Infinity":18,"s:34:17:38:Infinity":19,"f:34:17:34:23":3,"s:35:4:35:Infinity":20,"s:36:4:36:Infinity":21,"s:37:4:37:Infinity":22,"s:41:21:45:Infinity":23,"f:41:21:41:22":4,"s:42:24:42:Infinity":24,"s:43:4:43:Infinity":25,"s:44:4:44:Infinity":26,"s:47:16:54:Infinity":27,"s:56:2:56:Infinity":28,"s:60:23:66:Infinity":29,"f:60:23:60:29":5,"s:61:8:61:Infinity":30,"b:62:2:64:Infinity:undefined:undefined:undefined:undefined":1,"s:62:2:64:Infinity":31,"s:63:4:63:Infinity":32,"s:65:2:65:Infinity":33}}}
,"C:\\Users\\Cesar\\Documents\\team_7\\src\\context\\CartContext.jsx": {"path":"C:\\Users\\Cesar\\Documents\\team_7\\src\\context\\CartContext.jsx","statementMap":{"0":{"start":{"line":3,"column":6},"end":{"line":3,"column":null}},"1":{"start":{"line":5,"column":23},"end":{"line":11,"column":null}},"2":{"start":{"line":6,"column":8},"end":{"line":6,"column":null}},"3":{"start":{"line":7,"column":2},"end":{"line":9,"column":null}},"4":{"start":{"line":8,"column":4},"end":{"line":8,"column":null}},"5":{"start":{"line":10,"column":2},"end":{"line":10,"column":null}},"6":{"start":{"line":13,"column":28},"end":{"line":95,"column":null}},"7":{"start":{"line":14,"column":22},"end":{"line":18,"column":null}},"8":{"start":{"line":16,"column":22},"end":{"line":16,"column":null}},"9":{"start":{"line":17,"column":4},"end":{"line":17,"column":null}},"10":{"start":{"line":20,"column":38},"end":{"line":20,"column":null}},"11":{"start":{"line":23,"column":2},"end":{"line":25,"column":null}},"12":{"start":{"line":24,"column":4},"end":{"line":24,"column":null}},"13":{"start":{"line":27,"column":20},"end":{"line":52,"column":null}},"14":{"start":{"line":28,"column":4},"end":{"line":40,"column":null}},"15":{"start":{"line":29,"column":27},"end":{"line":29,"column":null}},"16":{"start":{"line":29,"column":51},"end":{"line":29,"column":70}},"17":{"start":{"line":31,"column":6},"end":{"line":39,"column":null}},"18":{"start":{"line":33,"column":8},"end":{"line":35,"column":null}},"19":{"start":{"line":34,"column":10},"end":{"line":34,"column":null}},"20":{"start":{"line":38,"column":8},"end":{"line":38,"column":null}},"21":{"start":{"line":43,"column":4},"end":{"line":46,"column":null}},"22":{"start":{"line":49,"column":4},"end":{"line":51,"column":null}},"23":{"start":{"line":50,"column":6},"end":{"line":50,"column":null}},"24":{"start":{"line":54,"column":25},"end":{"line":56,"column":null}},"25":{"start":{"line":55,"column":4},"end":{"line":55,"column":null}},"26":{"start":{"line":55,"column":26},"end":{"line":55,"column":71}},"27":{"start":{"line":55,"column":52},"end":{"line":55,"column":70}},"28":{"start":{"line":58,"column":25},"end":{"line":69,"column":null}},"29":{"start":{"line":59,"column":4},"end":{"line":62,"column":null}},"30":{"start":{"line":60,"column":6},"end":{"line":60,"column":null}},"31":{"start":{"line":61,"column":6},"end":{"line":61,"column":null}},"32":{"start":{"line":64,"column":4},"end":{"line":68,"column":null}},"33":{"start":{"line":65,"column":6},"end":{"line":67,"column":null}},"34":{"start":{"line":66,"column":8},"end":{"line":66,"column":null}},"35":{"start":{"line":71,"column":20},"end":{"line":73,"column":null}},"36":{"start":{"line":72,"column":4},"end":{"line":72,"column":null}},"37":{"start":{"line":75,"column":23},"end":{"line":77,"column":null}},"38":{"start":{"line":76,"column":4},"end":{"line":76,"column":null}},"39":{"start":{"line":76,"column":40},"end":{"line":76,"column":76}},"40":{"start":{"line":79,"column":28},"end":{"line":81,"column":null}},"41":{"start":{"line":80,"column":4},"end":{"line":80,"column":null}},"42":{"start":{"line":80,"column":40},"end":{"line":80,"column":63}},"43":{"start":{"line":83,"column":16},"end":{"line":92,"column":null}},"44":{"start":{"line":94,"column":2},"end":{"line":94,"column":null}}},"fnMap":{"0":{"name":"(anonymous_0)","decl":{"start":{"line":5,"column":23},"end":{"line":5,"column":29}},"loc":{"start":{"line":5,"column":29},"end":{"line":11,"column":null}},"line":5},"1":{"name":"(anonymous_1)","decl":{"start":{"line":13,"column":28},"end":{"line":13,"column":29}},"loc":{"start":{"line":13,"column":46},"end":{"line":95,"column":null}},"line":13},"2":{"name":"(anonymous_2)","decl":{"start":{"line":14,"column":35},"end":{"line":14,"column":41}},"loc":{"start":{"line":14,"column":41},"end":{"line":18,"column":3}},"line":14},"3":{"name":"(anonymous_3)","decl":{"start":{"line":23,"column":12},"end":{"line":23,"column":18}},"loc":{"start":{"line":23,"column":18},"end":{"line":25,"column":5}},"line":23},"4":{"name":"(anonymous_4)","decl":{"start":{"line":27,"column":20},"end":{"line":27,"column":21}},"loc":{"start":{"line":27,"column":30},"end":{"line":52,"column":null}},"line":27},"5":{"name":"(anonymous_5)","decl":{"start":{"line":28,"column":12},"end":{"line":28,"column":13}},"loc":{"start":{"line":28,"column":26},"end":{"line":40,"column":5}},"line":28},"6":{"name":"(anonymous_6)","decl":{"start":{"line":29,"column":41},"end":{"line":29,"column":42}},"loc":{"start":{"line":29,"column":51},"end":{"line":29,"column":70}},"line":29},"7":{"name":"(anonymous_7)","decl":{"start":{"line":33,"column":28},"end":{"line":33,"column":29}},"loc":{"start":{"line":34,"column":10},"end":{"line":34,"column":null}},"line":34},"8":{"name":"(anonymous_8)","decl":{"start":{"line":49,"column":15},"end":{"line":49,"column":21}},"loc":{"start":{"line":49,"column":21},"end":{"line":51,"column":7}},"line":49},"9":{"name":"(anonymous_9)","decl":{"start":{"line":54,"column":25},"end":{"line":54,"column":26}},"loc":{"start":{"line":54,"column":37},"end":{"line":56,"column":null}},"line":54},"10":{"name":"(anonymous_10)","decl":{"start":{"line":55,"column":12},"end":{"line":55,"column":13}},"loc":{"start":{"line":55,"column":26},"end":{"line":55,"column":71}},"line":55},"11":{"name":"(anonymous_11)","decl":{"start":{"line":55,"column":42},"end":{"line":55,"column":43}},"loc":{"start":{"line":55,"column":52},"end":{"line":55,"column":70}},"line":55},"12":{"name":"(anonymous_12)","decl":{"start":{"line":58,"column":25},"end":{"line":58,"column":26}},"loc":{"start":{"line":58,"column":47},"end":{"line":69,"column":null}},"line":58},"13":{"name":"(anonymous_13)","decl":{"start":{"line":64,"column":12},"end":{"line":64,"column":13}},"loc":{"start":{"line":65,"column":6},"end":{"line":67,"column":null}},"line":65},"14":{"name":"(anonymous_14)","decl":{"start":{"line":65,"column":19},"end":{"line":65,"column":20}},"loc":{"start":{"line":66,"column":8},"end":{"line":66,"column":null}},"line":66},"15":{"name":"(anonymous_15)","decl":{"start":{"line":71,"column":20},"end":{"line":71,"column":26}},"loc":{"start":{"line":71,"column":26},"end":{"line":73,"column":null}},"line":71},"16":{"name":"(anonymous_16)","decl":{"start":{"line":75,"column":23},"end":{"line":75,"column":29}},"loc":{"start":{"line":75,"column":29},"end":{"line":77,"column":null}},"line":75},"17":{"name":"(anonymous_17)","decl":{"start":{"line":76,"column":23},"end":{"line":76,"column":24}},"loc":{"start":{"line":76,"column":40},"end":{"line":76,"column":76}},"line":76},"18":{"name":"(anonymous_18)","decl":{"start":{"line":79,"column":28},"end":{"line":79,"column":34}},"loc":{"start":{"line":79,"column":34},"end":{"line":81,"column":null}},"line":79},"19":{"name":"(anonymous_19)","decl":{"start":{"line":80,"column":23},"end":{"line":80,"column":24}},"loc":{"start":{"line":80,"column":40},"end":{"line":80,"column":63}},"line":80}},"branchMap":{"0":{"loc":{"start":{"line":7,"column":2},"end":{"line":9,"column":null}},"type":"if","locations":[{"start":{"line":7,"column":2},"end":{"line":9,"column":null}},{"start":{},"end":{}}],"line":7},"1":{"loc":{"start":{"line":17,"column":11},"end":{"line":17,"column":null}},"type":"cond-expr","locations":[{"start":{"line":17,"column":23},"end":{"line":17,"column":47}},{"start":{"line":17,"column":47},"end":{"line":17,"column":null}}],"line":17},"2":{"loc":{"start":{"line":31,"column":6},"end":{"line":39,"column":null}},"type":"if","locations":[{"start":{"line":31,"column":6},"end":{"line":39,"column":null}},{"start":{"line":36,"column":13},"end":{"line":39,"column":null}}],"line":31},"3":{"loc":{"start":{"line":34,"column":10},"end":{"line":34,"column":null}},"type":"cond-expr","locations":[{"start":{"line":34,"column":32},"end":{"line":34,"column":75}},{"start":{"line":34,"column":75},"end":{"line":34,"column":null}}],"line":34},"4":{"loc":{"start":{"line":59,"column":4},"end":{"line":62,"column":null}},"type":"if","locations":[{"start":{"line":59,"column":4},"end":{"line":62,"column":null}},{"start":{},"end":{}}],"line":59},"5":{"loc":{"start":{"line":66,"column":8},"end":{"line":66,"column":null}},"type":"cond-expr","locations":[{"start":{"line":66,"column":29},"end":{"line":66,"column":53}},{"start":{"line":66,"column":53},"end":{"line":66,"column":null}}],"line":66}},"s":{"0":7,"1":7,"2":217,"3":217,"4":0,"5":217,"6":7,"7":123,"8":119,"9":119,"10":123,"11":123,"12":120,"13":123,"14":1,"15":1,"16":0,"17":1,"18":0,"19":0,"20":1,"21":1,"22":1,"23":0,"24":123,"25":0,"26":0,"27":0,"28":123,"29":0,"30":0,"31":0,"32":0,"33":0,"34":0,"35":123,"36":0,"37":123,"38":0,"39":0,"40":123,"41":15,"42":0,"43":123,"44":123},"f":{"0":217,"1":123,"2":119,"3":120,"4":1,"5":1,"6":0,"7":0,"8":0,"9":0,"10":0,"11":0,"12":0,"13":0,"14":0,"15":0,"16":0,"17":0,"18":15,"19":0},"b":{"0":[0,217],"1":[102,17],"2":[0,1],"3":[0,0],"4":[0,0],"5":[0,0]},"meta":{"lastBranch":6,"lastFunction":20,"lastStatement":45,"seen":{"s:3:6:3:Infinity":0,"s:5:23:11:Infinity":1,"f:5:23:5:29":0,"s:6:8:6:Infinity":2,"b:7:2:9:Infinity:undefined:undefined:undefined:undefined":0,"s:7:2:9:Infinity":3,"s:8:4:8:Infinity":4,"s:10:2:10:Infinity":5,"s:13:28:95:Infinity":6,"f:13:28:13:29":1,"s:14:22:18:Infinity":7,"f:14:35:14:41":2,"s:16:22:16:Infinity":8,"s:17:4:17:Infinity":9,"b:17:23:17:47:17:47:17:Infinity":1,"s:20:38:20:Infinity":10,"s:23:2:25:Infinity":11,"f:23:12:23:18":3,"s:24:4:24:Infinity":12,"s:27:20:52:Infinity":13,"f:27:20:27:21":4,"s:28:4:40:Infinity":14,"f:28:12:28:13":5,"s:29:27:29:Infinity":15,"f:29:41:29:42":6,"s:29:51:29:70":16,"b:31:6:39:Infinity:36:13:39:Infinity":2,"s:31:6:39:Infinity":17,"s:33:8:35:Infinity":18,"f:33:28:33:29":7,"s:34:10:34:Infinity":19,"b:34:32:34:75:34:75:34:Infinity":3,"s:38:8:38:Infinity":20,"s:43:4:46:Infinity":21,"s:49:4:51:Infinity":22,"f:49:15:49:21":8,"s:50:6:50:Infinity":23,"s:54:25:56:Infinity":24,"f:54:25:54:26":9,"s:55:4:55:Infinity":25,"f:55:12:55:13":10,"s:55:26:55:71":26,"f:55:42:55:43":11,"s:55:52:55:70":27,"s:58:25:69:Infinity":28,"f:58:25:58:26":12,"b:59:4:62:Infinity:undefined:undefined:undefined:undefined":4,"s:59:4:62:Infinity":29,"s:60:6:60:Infinity":30,"s:61:6:61:Infinity":31,"s:64:4:68:Infinity":32,"f:64:12:64:13":13,"s:65:6:67:Infinity":33,"f:65:19:65:20":14,"s:66:8:66:Infinity":34,"b:66:29:66:53:66:53:66:Infinity":5,"s:71:20:73:Infinity":35,"f:71:20:71:26":15,"s:72:4:72:Infinity":36,"s:75:23:77:Infinity":37,"f:75:23:75:29":16,"s:76:4:76:Infinity":38,"f:76:23:76:24":17,"s:76:40:76:76":39,"s:79:28:81:Infinity":40,"f:79:28:79:34":18,"s:80:4:80:Infinity":41,"f:80:23:80:24":19,"s:80:40:80:63":42,"s:83:16:92:Infinity":43,"s:94:2:94:Infinity":44}}}
,"C:\\Users\\Cesar\\Documents\\team_7\\src\\pages\\AdminPanel.jsx": {"path":"C:\\Users\\Cesar\\Documents\\team_7\\src\\pages\\AdminPanel.jsx","statementMap":{"0":{"start":{"line":21,"column":19},"end":{"line":1350,"column":null}},"1":{"start":{"line":22,"column":8},"end":{"line":22,"column":null}},"2":{"start":{"line":24,"column":30},"end":{"line":44,"column":null}},"3":{"start":{"line":46,"column":38},"end":{"line":46,"column":null}},"4":{"start":{"line":47,"column":26},"end":{"line":47,"column":null}},"5":{"start":{"line":48,"column":38},"end":{"line":48,"column":null}},"6":{"start":{"line":49,"column":40},"end":{"line":49,"column":null}},"7":{"start":{"line":52,"column":24},"end":{"line":52,"column":null}},"8":{"start":{"line":53,"column":42},"end":{"line":53,"column":null}},"9":{"start":{"line":54,"column":36},"end":{"line":54,"column":null}},"10":{"start":{"line":55,"column":40},"end":{"line":55,"column":null}},"11":{"start":{"line":58,"column":32},"end":{"line":58,"column":null}},"12":{"start":{"line":59,"column":38},"end":{"line":59,"column":null}},"13":{"start":{"line":60,"column":34},"end":{"line":60,"column":null}},"14":{"start":{"line":61,"column":46},"end":{"line":61,"column":null}},"15":{"start":{"line":62,"column":36},"end":{"line":62,"column":null}},"16":{"start":{"line":65,"column":21},"end":{"line":74,"column":null}},"17":{"start":{"line":77,"column":20},"end":{"line":83,"column":null}},"18":{"start":{"line":86,"column":2},"end":{"line":90,"column":null}},"19":{"start":{"line":88,"column":4},"end":{"line":88,"column":null}},"20":{"start":{"line":89,"column":4},"end":{"line":89,"column":null}},"21":{"start":{"line":93,"column":20},"end":{"line":103,"column":null}},"22":{"start":{"line":94,"column":4},"end":{"line":94,"column":null}},"23":{"start":{"line":95,"column":4},"end":{"line":102,"column":null}},"24":{"start":{"line":96,"column":19},"end":{"line":96,"column":null}},"25":{"start":{"line":97,"column":6},"end":{"line":97,"column":null}},"26":{"start":{"line":99,"column":6},"end":{"line":99,"column":null}},"27":{"start":{"line":101,"column":6},"end":{"line":101,"column":null}},"28":{"start":{"line":106,"column":28},"end":{"line":108,"column":null}},"29":{"start":{"line":107,"column":4},"end":{"line":107,"column":null}},"30":{"start":{"line":111,"column":29},"end":{"line":113,"column":null}},"31":{"start":{"line":112,"column":4},"end":{"line":112,"column":null}},"32":{"start":{"line":116,"column":30},"end":{"line":136,"column":null}},"33":{"start":{"line":117,"column":4},"end":{"line":117,"column":null}},"34":{"start":{"line":117,"column":27},"end":{"line":117,"column":null}},"35":{"start":{"line":119,"column":4},"end":{"line":135,"column":null}},"36":{"start":{"line":120,"column":6},"end":{"line":120,"column":null}},"37":{"start":{"line":121,"column":6},"end":{"line":121,"column":null}},"38":{"start":{"line":122,"column":6},"end":{"line":122,"column":null}},"39":{"start":{"line":125,"column":6},"end":{"line":125,"column":null}},"40":{"start":{"line":128,"column":6},"end":{"line":130,"column":null}},"41":{"start":{"line":129,"column":8},"end":{"line":129,"column":null}},"42":{"start":{"line":132,"column":6},"end":{"line":132,"column":null}},"43":{"start":{"line":133,"column":6},"end":{"line":133,"column":null}},"44":{"start":{"line":134,"column":6},"end":{"line":134,"column":null}},"45":{"start":{"line":139,"column":26},"end":{"line":164,"column":null}},"46":{"start":{"line":140,"column":4},"end":{"line":161,"column":null}},"47":{"start":{"line":162,"column":4},"end":{"line":162,"column":null}},"48":{"start":{"line":163,"column":4},"end":{"line":163,"column":null}},"49":{"start":{"line":166,"column":27},"end":{"line":170,"column":null}},"50":{"start":{"line":167,"column":4},"end":{"line":167,"column":null}},"51":{"start":{"line":168,"column":4},"end":{"line":168,"column":null}},"52":{"start":{"line":169,"column":4},"end":{"line":169,"column":null}},"53":{"start":{"line":172,"column":27},"end":{"line":184,"column":null}},"54":{"start":{"line":173,"column":28},"end":{"line":173,"column":null}},"55":{"start":{"line":174,"column":4},"end":{"line":177,"column":null}},"56":{"start":{"line":174,"column":31},"end":{"line":177,"column":6}},"57":{"start":{"line":178,"column":4},"end":{"line":183,"column":null}},"58":{"start":{"line":179,"column":6},"end":{"line":182,"column":null}},"59":{"start":{"line":179,"column":31},"end":{"line":182,"column":8}},"60":{"start":{"line":186,"column":38},"end":{"line":195,"column":null}},"61":{"start":{"line":187,"column":28},"end":{"line":187,"column":null}},"62":{"start":{"line":188,"column":4},"end":{"line":194,"column":null}},"63":{"start":{"line":188,"column":31},"end":{"line":194,"column":6}},"64":{"start":{"line":197,"column":28},"end":{"line":322,"column":null}},"65":{"start":{"line":198,"column":4},"end":{"line":198,"column":null}},"66":{"start":{"line":198,"column":42},"end":{"line":198,"column":null}},"67":{"start":{"line":201,"column":29},"end":{"line":201,"column":null}},"68":{"start":{"line":202,"column":4},"end":{"line":203,"column":null}},"69":{"start":{"line":203,"column":6},"end":{"line":203,"column":null}},"70":{"start":{"line":204,"column":4},"end":{"line":205,"column":null}},"71":{"start":{"line":205,"column":6},"end":{"line":205,"column":null}},"72":{"start":{"line":206,"column":4},"end":{"line":207,"column":null}},"73":{"start":{"line":207,"column":6},"end":{"line":207,"column":null}},"74":{"start":{"line":208,"column":4},"end":{"line":209,"column":null}},"75":{"start":{"line":209,"column":6},"end":{"line":209,"column":null}},"76":{"start":{"line":210,"column":4},"end":{"line":211,"column":null}},"77":{"start":{"line":211,"column":6},"end":{"line":211,"column":null}},"78":{"start":{"line":212,"column":4},"end":{"line":213,"column":null}},"79":{"start":{"line":213,"column":6},"end":{"line":213,"column":null}},"80":{"start":{"line":215,"column":4},"end":{"line":218,"column":null}},"81":{"start":{"line":216,"column":6},"end":{"line":216,"column":null}},"82":{"start":{"line":217,"column":6},"end":{"line":217,"column":null}},"83":{"start":{"line":220,"column":4},"end":{"line":220,"column":null}},"84":{"start":{"line":222,"column":4},"end":{"line":321,"column":null}},"85":{"start":{"line":224,"column":26},"end":{"line":224,"column":null}},"86":{"start":{"line":227,"column":6},"end":{"line":229,"column":null}},"87":{"start":{"line":228,"column":8},"end":{"line":228,"column":null}},"88":{"start":{"line":230,"column":6},"end":{"line":232,"column":null}},"89":{"start":{"line":231,"column":8},"end":{"line":231,"column":null}},"90":{"start":{"line":233,"column":6},"end":{"line":235,"column":null}},"91":{"start":{"line":234,"column":8},"end":{"line":234,"column":null}},"92":{"start":{"line":236,"column":6},"end":{"line":238,"column":null}},"93":{"start":{"line":237,"column":8},"end":{"line":237,"column":null}},"94":{"start":{"line":239,"column":6},"end":{"line":241,"column":null}},"95":{"start":{"line":240,"column":8},"end":{"line":240,"column":null}},"96":{"start":{"line":242,"column":6},"end":{"line":244,"column":null}},"97":{"start":{"line":243,"column":8},"end":{"line":243,"column":null}},"98":{"start":{"line":247,"column":6},"end":{"line":257,"column":null}},"99":{"start":{"line":248,"column":22},"end":{"line":248,"column":null}},"100":{"start":{"line":249,"column":25},"end":{"line":251,"column":null}},"101":{"start":{"line":252,"column":8},"end":{"line":254,"column":null}},"102":{"start":{"line":255,"column":8},"end":{"line":255,"column":null}},"103":{"start":{"line":256,"column":8},"end":{"line":256,"column":null}},"104":{"start":{"line":260,"column":6},"end":{"line":262,"column":null}},"105":{"start":{"line":261,"column":8},"end":{"line":261,"column":null}},"106":{"start":{"line":265,"column":6},"end":{"line":267,"column":null}},"107":{"start":{"line":266,"column":8},"end":{"line":266,"column":null}},"108":{"start":{"line":270,"column":6},"end":{"line":286,"column":null}},"109":{"start":{"line":271,"column":21},"end":{"line":271,"column":null}},"110":{"start":{"line":272,"column":8},"end":{"line":273,"column":null}},"111":{"start":{"line":273,"column":10},"end":{"line":273,"column":null}},"112":{"start":{"line":274,"column":8},"end":{"line":275,"column":null}},"113":{"start":{"line":275,"column":10},"end":{"line":275,"column":null}},"114":{"start":{"line":276,"column":8},"end":{"line":277,"column":null}},"115":{"start":{"line":277,"column":10},"end":{"line":277,"column":null}},"116":{"start":{"line":278,"column":8},"end":{"line":279,"column":null}},"117":{"start":{"line":279,"column":10},"end":{"line":279,"column":null}},"118":{"start":{"line":280,"column":8},"end":{"line":281,"column":null}},"119":{"start":{"line":281,"column":10},"end":{"line":281,"column":null}},"120":{"start":{"line":283,"column":8},"end":{"line":285,"column":null}},"121":{"start":{"line":284,"column":10},"end":{"line":284,"column":null}},"122":{"start":{"line":289,"column":6},"end":{"line":296,"column":null}},"123":{"start":{"line":290,"column":30},"end":{"line":292,"column":null}},"124":{"start":{"line":291,"column":17},"end":{"line":291,"column":null}},"125":{"start":{"line":293,"column":8},"end":{"line":295,"column":null}},"126":{"start":{"line":294,"column":10},"end":{"line":294,"column":null}},"127":{"start":{"line":298,"column":6},"end":{"line":298,"column":null}},"128":{"start":{"line":299,"column":6},"end":{"line":299,"column":null}},"129":{"start":{"line":301,"column":6},"end":{"line":301,"column":null}},"130":{"start":{"line":303,"column":6},"end":{"line":303,"column":null}},"131":{"start":{"line":304,"column":6},"end":{"line":304,"column":null}},"132":{"start":{"line":305,"column":6},"end":{"line":305,"column":null}},"133":{"start":{"line":308,"column":6},"end":{"line":308,"column":null}},"134":{"start":{"line":311,"column":6},"end":{"line":313,"column":null}},"135":{"start":{"line":312,"column":8},"end":{"line":312,"column":null}},"136":{"start":{"line":315,"column":6},"end":{"line":315,"column":null}},"137":{"start":{"line":316,"column":6},"end":{"line":316,"column":null}},"138":{"start":{"line":317,"column":6},"end":{"line":317,"column":null}},"139":{"start":{"line":318,"column":6},"end":{"line":318,"column":null}},"140":{"start":{"line":320,"column":6},"end":{"line":320,"column":null}},"141":{"start":{"line":325,"column":24},"end":{"line":394,"column":null}},"142":{"start":{"line":326,"column":16},"end":{"line":326,"column":null}},"143":{"start":{"line":328,"column":4},"end":{"line":391,"column":null}},"144":{"start":{"line":330,"column":8},"end":{"line":334,"column":null}},"145":{"start":{"line":331,"column":10},"end":{"line":331,"column":null}},"146":{"start":{"line":332,"column":8},"end":{"line":334,"column":null}},"147":{"start":{"line":333,"column":10},"end":{"line":333,"column":null}},"148":{"start":{"line":335,"column":8},"end":{"line":335,"column":null}},"149":{"start":{"line":337,"column":8},"end":{"line":341,"column":null}},"150":{"start":{"line":338,"column":10},"end":{"line":338,"column":null}},"151":{"start":{"line":339,"column":8},"end":{"line":341,"column":null}},"152":{"start":{"line":340,"column":10},"end":{"line":340,"column":null}},"153":{"start":{"line":342,"column":8},"end":{"line":342,"column":null}},"154":{"start":{"line":344,"column":8},"end":{"line":348,"column":null}},"155":{"start":{"line":345,"column":10},"end":{"line":345,"column":null}},"156":{"start":{"line":346,"column":8},"end":{"line":348,"column":null}},"157":{"start":{"line":347,"column":10},"end":{"line":347,"column":null}},"158":{"start":{"line":349,"column":8},"end":{"line":349,"column":null}},"159":{"start":{"line":351,"column":8},"end":{"line":356,"column":null}},"160":{"start":{"line":355,"column":10},"end":{"line":355,"column":null}},"161":{"start":{"line":357,"column":8},"end":{"line":357,"column":null}},"162":{"start":{"line":359,"column":8},"end":{"line":361,"column":null}},"163":{"start":{"line":360,"column":10},"end":{"line":360,"column":null}},"164":{"start":{"line":362,"column":8},"end":{"line":362,"column":null}},"165":{"start":{"line":364,"column":8},"end":{"line":369,"column":null}},"166":{"start":{"line":368,"column":10},"end":{"line":368,"column":null}},"167":{"start":{"line":370,"column":8},"end":{"line":370,"column":null}},"168":{"start":{"line":372,"column":8},"end":{"line":377,"column":null}},"169":{"start":{"line":373,"column":10},"end":{"line":373,"column":null}},"170":{"start":{"line":374,"column":8},"end":{"line":377,"column":null}},"171":{"start":{"line":375,"column":10},"end":{"line":376,"column":null}},"172":{"start":{"line":378,"column":8},"end":{"line":378,"column":null}},"173":{"start":{"line":380,"column":8},"end":{"line":382,"column":null}},"174":{"start":{"line":381,"column":10},"end":{"line":381,"column":null}},"175":{"start":{"line":383,"column":8},"end":{"line":383,"column":null}},"176":{"start":{"line":385,"column":8},"end":{"line":387,"column":null}},"177":{"start":{"line":386,"column":10},"end":{"line":386,"column":null}},"178":{"start":{"line":388,"column":8},"end":{"line":388,"column":null}},"179":{"start":{"line":390,"column":8},"end":{"line":390,"column":null}},"180":{"start":{"line":393,"column":4},"end":{"line":393,"column":null}},"181":{"start":{"line":396,"column":23},"end":{"line":428,"column":null}},"182":{"start":{"line":397,"column":22},"end":{"line":397,"column":null}},"183":{"start":{"line":400,"column":23},"end":{"line":408,"column":null}},"184":{"start":{"line":409,"column":4},"end":{"line":414,"column":null}},"185":{"start":{"line":410,"column":20},"end":{"line":410,"column":null}},"186":{"start":{"line":411,"column":6},"end":{"line":413,"column":null}},"187":{"start":{"line":412,"column":8},"end":{"line":412,"column":null}},"188":{"start":{"line":417,"column":4},"end":{"line":420,"column":null}},"189":{"start":{"line":418,"column":20},"end":{"line":418,"column":null}},"190":{"start":{"line":419,"column":6},"end":{"line":419,"column":null}},"191":{"start":{"line":419,"column":17},"end":{"line":419,"column":null}},"192":{"start":{"line":422,"column":4},"end":{"line":425,"column":null}},"193":{"start":{"line":423,"column":20},"end":{"line":423,"column":null}},"194":{"start":{"line":424,"column":6},"end":{"line":424,"column":null}},"195":{"start":{"line":424,"column":17},"end":{"line":424,"column":null}},"196":{"start":{"line":427,"column":4},"end":{"line":427,"column":null}},"197":{"start":{"line":430,"column":23},"end":{"line":444,"column":null}},"198":{"start":{"line":431,"column":28},"end":{"line":431,"column":null}},"199":{"start":{"line":433,"column":4},"end":{"line":436,"column":null}},"200":{"start":{"line":433,"column":27},"end":{"line":436,"column":6}},"201":{"start":{"line":438,"column":4},"end":{"line":443,"column":null}},"202":{"start":{"line":439,"column":6},"end":{"line":442,"column":null}},"203":{"start":{"line":439,"column":27},"end":{"line":442,"column":8}},"204":{"start":{"line":446,"column":34},"end":{"line":456,"column":null}},"205":{"start":{"line":447,"column":28},"end":{"line":447,"column":null}},"206":{"start":{"line":449,"column":4},"end":{"line":455,"column":null}},"207":{"start":{"line":449,"column":27},"end":{"line":455,"column":6}},"208":{"start":{"line":458,"column":21},"end":{"line":468,"column":null}},"209":{"start":{"line":459,"column":28},"end":{"line":459,"column":null}},"210":{"start":{"line":460,"column":18},"end":{"line":460,"column":null}},"211":{"start":{"line":462,"column":4},"end":{"line":467,"column":null}},"212":{"start":{"line":463,"column":6},"end":{"line":466,"column":null}},"213":{"start":{"line":463,"column":27},"end":{"line":466,"column":8}},"214":{"start":{"line":470,"column":21},"end":{"line":481,"column":null}},"215":{"start":{"line":471,"column":4},"end":{"line":480,"column":null}},"216":{"start":{"line":475,"column":6},"end":{"line":478,"column":null}},"217":{"start":{"line":475,"column":29},"end":{"line":478,"column":8}},"218":{"start":{"line":479,"column":6},"end":{"line":479,"column":null}},"219":{"start":{"line":483,"column":24},"end":{"line":488,"column":null}},"220":{"start":{"line":484,"column":4},"end":{"line":487,"column":null}},"221":{"start":{"line":484,"column":27},"end":{"line":487,"column":6}},"222":{"start":{"line":486,"column":44},"end":{"line":486,"column":65}},"223":{"start":{"line":490,"column":23},"end":{"line":581,"column":null}},"224":{"start":{"line":491,"column":4},"end":{"line":491,"column":null}},"225":{"start":{"line":493,"column":23},"end":{"line":493,"column":null}},"226":{"start":{"line":495,"column":4},"end":{"line":498,"column":null}},"227":{"start":{"line":496,"column":6},"end":{"line":496,"column":null}},"228":{"start":{"line":497,"column":6},"end":{"line":497,"column":null}},"229":{"start":{"line":500,"column":4},"end":{"line":500,"column":null}},"230":{"start":{"line":501,"column":4},"end":{"line":501,"column":null}},"231":{"start":{"line":503,"column":4},"end":{"line":580,"column":null}},"232":{"start":{"line":505,"column":20},"end":{"line":505,"column":null}},"233":{"start":{"line":506,"column":23},"end":{"line":506,"column":null}},"234":{"start":{"line":507,"column":25},"end":{"line":507,"column":null}},"235":{"start":{"line":509,"column":23},"end":{"line":525,"column":null}},"236":{"start":{"line":527,"column":6},"end":{"line":527,"column":null}},"237":{"start":{"line":528,"column":6},"end":{"line":528,"column":null}},"238":{"start":{"line":530,"column":6},"end":{"line":530,"column":null}},"239":{"start":{"line":533,"column":6},"end":{"line":533,"column":null}},"240":{"start":{"line":536,"column":6},"end":{"line":556,"column":null}},"241":{"start":{"line":559,"column":6},"end":{"line":559,"column":null}},"242":{"start":{"line":562,"column":6},"end":{"line":562,"column":null}},"243":{"start":{"line":562,"column":23},"end":{"line":562,"column":48}},"244":{"start":{"line":564,"column":6},"end":{"line":564,"column":null}},"245":{"start":{"line":566,"column":8},"end":{"line":566,"column":null}},"246":{"start":{"line":568,"column":6},"end":{"line":570,"column":null}},"247":{"start":{"line":569,"column":8},"end":{"line":569,"column":null}},"248":{"start":{"line":572,"column":6},"end":{"line":574,"column":null}},"249":{"start":{"line":577,"column":6},"end":{"line":577,"column":null}},"250":{"start":{"line":579,"column":6},"end":{"line":579,"column":null}},"251":{"start":{"line":583,"column":30},"end":{"line":587,"column":null}},"252":{"start":{"line":584,"column":18},"end":{"line":584,"column":null}},"253":{"start":{"line":585,"column":21},"end":{"line":585,"column":null}},"254":{"start":{"line":586,"column":4},"end":{"line":586,"column":null}},"255":{"start":{"line":590,"column":22},"end":{"line":593,"column":null}},"256":{"start":{"line":591,"column":21},"end":{"line":591,"column":null}},"257":{"start":{"line":592,"column":4},"end":{"line":592,"column":null}},"258":{"start":{"line":595,"column":2},"end":{"line":1348,"column":null}},"259":{"start":{"line":604,"column":27},"end":{"line":604,"column":null}},"260":{"start":{"line":656,"column":20},"end":{"line":658,"column":null}},"261":{"start":{"line":738,"column":20},"end":{"line":740,"column":null}},"262":{"start":{"line":865,"column":37},"end":{"line":865,"column":null}},"263":{"start":{"line":949,"column":33},"end":{"line":949,"column":null}},"264":{"start":{"line":951,"column":18},"end":{"line":951,"column":null}},"265":{"start":{"line":963,"column":18},"end":{"line":972,"column":null}},"266":{"start":{"line":967,"column":37},"end":{"line":967,"column":null}},"267":{"start":{"line":986,"column":29},"end":{"line":986,"column":null}},"268":{"start":{"line":1040,"column":16},"end":{"line":1092,"column":null}},"269":{"start":{"line":1076,"column":37},"end":{"line":1076,"column":null}},"270":{"start":{"line":1084,"column":37},"end":{"line":1084,"column":null}},"271":{"start":{"line":1101,"column":59},"end":{"line":1101,"column":null}},"272":{"start":{"line":1150,"column":30},"end":{"line":1150,"column":null}},"273":{"start":{"line":1188,"column":26},"end":{"line":1190,"column":null}},"274":{"start":{"line":1209,"column":26},"end":{"line":1211,"column":null}}},"fnMap":{"0":{"name":"(anonymous_0)","decl":{"start":{"line":21,"column":19},"end":{"line":21,"column":25}},"loc":{"start":{"line":21,"column":25},"end":{"line":1350,"column":null}},"line":21},"1":{"name":"(anonymous_1)","decl":{"start":{"line":86,"column":12},"end":{"line":86,"column":18}},"loc":{"start":{"line":86,"column":18},"end":{"line":90,"column":5}},"line":86},"2":{"name":"(anonymous_2)","decl":{"start":{"line":93,"column":20},"end":{"line":93,"column":32}},"loc":{"start":{"line":93,"column":32},"end":{"line":103,"column":null}},"line":93},"3":{"name":"(anonymous_3)","decl":{"start":{"line":106,"column":28},"end":{"line":106,"column":29}},"loc":{"start":{"line":106,"column":38},"end":{"line":108,"column":null}},"line":106},"4":{"name":"(anonymous_4)","decl":{"start":{"line":111,"column":29},"end":{"line":111,"column":35}},"loc":{"start":{"line":111,"column":35},"end":{"line":113,"column":null}},"line":111},"5":{"name":"(anonymous_5)","decl":{"start":{"line":116,"column":30},"end":{"line":116,"column":42}},"loc":{"start":{"line":116,"column":42},"end":{"line":136,"column":null}},"line":116},"6":{"name":"(anonymous_6)","decl":{"start":{"line":128,"column":17},"end":{"line":128,"column":23}},"loc":{"start":{"line":128,"column":23},"end":{"line":130,"column":9}},"line":128},"7":{"name":"(anonymous_7)","decl":{"start":{"line":139,"column":26},"end":{"line":139,"column":27}},"loc":{"start":{"line":139,"column":36},"end":{"line":164,"column":null}},"line":139},"8":{"name":"(anonymous_8)","decl":{"start":{"line":166,"column":27},"end":{"line":166,"column":33}},"loc":{"start":{"line":166,"column":33},"end":{"line":170,"column":null}},"line":166},"9":{"name":"(anonymous_9)","decl":{"start":{"line":172,"column":27},"end":{"line":172,"column":28}},"loc":{"start":{"line":172,"column":34},"end":{"line":184,"column":null}},"line":172},"10":{"name":"(anonymous_10)","decl":{"start":{"line":174,"column":20},"end":{"line":174,"column":21}},"loc":{"start":{"line":174,"column":31},"end":{"line":177,"column":6}},"line":174},"11":{"name":"(anonymous_11)","decl":{"start":{"line":179,"column":20},"end":{"line":179,"column":21}},"loc":{"start":{"line":179,"column":31},"end":{"line":182,"column":8}},"line":179},"12":{"name":"(anonymous_12)","decl":{"start":{"line":186,"column":38},"end":{"line":186,"column":39}},"loc":{"start":{"line":186,"column":45},"end":{"line":195,"column":null}},"line":186},"13":{"name":"(anonymous_13)","decl":{"start":{"line":188,"column":20},"end":{"line":188,"column":21}},"loc":{"start":{"line":188,"column":31},"end":{"line":194,"column":6}},"line":188},"14":{"name":"(anonymous_14)","decl":{"start":{"line":197,"column":28},"end":{"line":197,"column":40}},"loc":{"start":{"line":197,"column":40},"end":{"line":322,"column":null}},"line":197},"15":{"name":"(anonymous_15)","decl":{"start":{"line":291,"column":10},"end":{"line":291,"column":11}},"loc":{"start":{"line":291,"column":17},"end":{"line":291,"column":null}},"line":291},"16":{"name":"(anonymous_16)","decl":{"start":{"line":311,"column":17},"end":{"line":311,"column":23}},"loc":{"start":{"line":311,"column":23},"end":{"line":313,"column":9}},"line":311},"17":{"name":"(anonymous_17)","decl":{"start":{"line":325,"column":24},"end":{"line":325,"column":25}},"loc":{"start":{"line":325,"column":41},"end":{"line":394,"column":null}},"line":325},"18":{"name":"(anonymous_18)","decl":{"start":{"line":396,"column":23},"end":{"line":396,"column":29}},"loc":{"start":{"line":396,"column":29},"end":{"line":428,"column":null}},"line":396},"19":{"name":"(anonymous_19)","decl":{"start":{"line":409,"column":23},"end":{"line":409,"column":24}},"loc":{"start":{"line":409,"column":34},"end":{"line":414,"column":5}},"line":409},"20":{"name":"(anonymous_20)","decl":{"start":{"line":430,"column":23},"end":{"line":430,"column":24}},"loc":{"start":{"line":430,"column":30},"end":{"line":444,"column":null}},"line":430},"21":{"name":"(anonymous_21)","decl":{"start":{"line":433,"column":16},"end":{"line":433,"column":17}},"loc":{"start":{"line":433,"column":27},"end":{"line":436,"column":6}},"line":433},"22":{"name":"(anonymous_22)","decl":{"start":{"line":439,"column":16},"end":{"line":439,"column":17}},"loc":{"start":{"line":439,"column":27},"end":{"line":442,"column":8}},"line":439},"23":{"name":"(anonymous_23)","decl":{"start":{"line":446,"column":34},"end":{"line":446,"column":35}},"loc":{"start":{"line":446,"column":41},"end":{"line":456,"column":null}},"line":446},"24":{"name":"(anonymous_24)","decl":{"start":{"line":449,"column":16},"end":{"line":449,"column":17}},"loc":{"start":{"line":449,"column":27},"end":{"line":455,"column":6}},"line":449},"25":{"name":"(anonymous_25)","decl":{"start":{"line":458,"column":21},"end":{"line":458,"column":22}},"loc":{"start":{"line":458,"column":28},"end":{"line":468,"column":null}},"line":458},"26":{"name":"(anonymous_26)","decl":{"start":{"line":463,"column":16},"end":{"line":463,"column":17}},"loc":{"start":{"line":463,"column":27},"end":{"line":466,"column":8}},"line":463},"27":{"name":"(anonymous_27)","decl":{"start":{"line":470,"column":21},"end":{"line":470,"column":27}},"loc":{"start":{"line":470,"column":27},"end":{"line":481,"column":null}},"line":470},"28":{"name":"(anonymous_28)","decl":{"start":{"line":475,"column":18},"end":{"line":475,"column":19}},"loc":{"start":{"line":475,"column":29},"end":{"line":478,"column":8}},"line":475},"29":{"name":"(anonymous_29)","decl":{"start":{"line":483,"column":24},"end":{"line":483,"column":25}},"loc":{"start":{"line":483,"column":45},"end":{"line":488,"column":null}},"line":483},"30":{"name":"(anonymous_30)","decl":{"start":{"line":484,"column":16},"end":{"line":484,"column":17}},"loc":{"start":{"line":484,"column":27},"end":{"line":487,"column":6}},"line":484},"31":{"name":"(anonymous_31)","decl":{"start":{"line":486,"column":37},"end":{"line":486,"column":38}},"loc":{"start":{"line":486,"column":44},"end":{"line":486,"column":65}},"line":486},"32":{"name":"(anonymous_32)","decl":{"start":{"line":490,"column":23},"end":{"line":490,"column":30}},"loc":{"start":{"line":490,"column":36},"end":{"line":581,"column":null}},"line":490},"33":{"name":"(anonymous_33)","decl":{"start":{"line":562,"column":17},"end":{"line":562,"column":23}},"loc":{"start":{"line":562,"column":23},"end":{"line":562,"column":48}},"line":562},"34":{"name":"(anonymous_34)","decl":{"start":{"line":583,"column":30},"end":{"line":583,"column":36}},"loc":{"start":{"line":583,"column":36},"end":{"line":587,"column":null}},"line":583},"35":{"name":"(anonymous_35)","decl":{"start":{"line":590,"column":22},"end":{"line":590,"column":23}},"loc":{"start":{"line":590,"column":33},"end":{"line":593,"column":null}},"line":590},"36":{"name":"(anonymous_36)","decl":{"start":{"line":604,"column":21},"end":{"line":604,"column":27}},"loc":{"start":{"line":604,"column":27},"end":{"line":604,"column":null}},"line":604},"37":{"name":"(anonymous_37)","decl":{"start":{"line":655,"column":34},"end":{"line":655,"column":35}},"loc":{"start":{"line":656,"column":20},"end":{"line":658,"column":null}},"line":656},"38":{"name":"(anonymous_38)","decl":{"start":{"line":737,"column":33},"end":{"line":737,"column":34}},"loc":{"start":{"line":738,"column":20},"end":{"line":740,"column":null}},"line":738},"39":{"name":"(anonymous_39)","decl":{"start":{"line":865,"column":29},"end":{"line":865,"column":30}},"loc":{"start":{"line":865,"column":37},
[...]
3":[80,23],"44":[80,13],"45":[1,79],"46":[80,1],"47":[0,80],"48":[80,0],"49":[80,0],"50":[0,80]},"meta":{"lastBranch":51,"lastFunction":15,"lastStatement":131,"seen":{"s:8:17:437:Infinity":0,"f:8:17:8:23":0,"s:9:8:9:Infinity":1,"s:10:16:10:Infinity":2,"s:12:30:19:Infinity":3,"s:21:26:21:Infinity":4,"s:22:38:22:Infinity":5,"s:25:24:28:Infinity":6,"f:25:24:25:25":1,"s:26:23:26:Infinity":7,"s:27:4:27:Infinity":8,"s:31:24:34:Infinity":9,"f:31:24:31:25":2,"s:32:23:32:Infinity":10,"s:33:4:33:Infinity":11,"s:37:35:50:Infinity":12,"f:37:35:37:36":3,"s:38:25:38:Infinity":13,"s:39:25:39:Infinity":14,"s:40:22:40:Infinity":15,"s:41:25:41:Infinity":16,"s:43:4:49:Infinity":17,"b:44:15:44:31:44:31:44:47:44:47:44:60:44:60:44:Infinity":0,"s:53:24:117:Infinity":18,"f:53:24:53:25":4,"s:54:16:54:Infinity":19,"b:57:6:65:Infinity:67:6:73:Infinity:75:6:90:Infinity:92:6:98:Infinity:100:6:104:Infinity:106:6:110:Infinity:112:6:113:Infinity":1,"s:56:4:114:Infinity":20,"b:58:8:64:Infinity:60:8:64:Infinity":2,"s:58:8:64:Infinity":21,"s:59:10:59:Infinity":22,"b:60:8:64:Infinity:62:8:64:Infinity":3,"s:60:8:64:Infinity":23,"s:61:10:61:Infinity":24,"b:62:8:64:Infinity:undefined:undefined:undefined:undefined":4,"s:62:8:64:Infinity":25,"s:63:10:63:Infinity":26,"s:65:8:65:Infinity":27,"b:68:8:72:Infinity:70:8:72:Infinity":5,"s:68:8:72:Infinity":28,"s:69:10:69:Infinity":29,"b:70:8:72:Infinity:undefined:undefined:undefined:undefined":6,"s:70:8:72:Infinity":30,"s:71:10:71:Infinity":31,"s:73:8:73:Infinity":32,"b:76:8:89:Infinity:78:15:89:Infinity":7,"s:76:8:89:Infinity":33,"s:77:10:77:Infinity":34,"s:79:27:79:Infinity":35,"b:80:10:88:Infinity:82:10:88:Infinity":8,"s:80:10:88:Infinity":36,"s:81:12:81:Infinity":37,"b:82:10:88:Infinity:84:10:88:Infinity":9,"s:82:10:88:Infinity":38,"s:83:12:83:Infinity":39,"b:84:10:88:Infinity:86:10:88:Infinity":10,"s:84:10:88:Infinity":40,"s:85:12:85:Infinity":41,"b:86:10:88:Infinity:undefined:undefined:undefined:undefined":11,"s:86:10:88:Infinity":42,"s:87:12:87:Infinity":43,"s:90:8:90:Infinity":44,"b:93:8:97:Infinity:95:8:97:Infinity":12,"s:93:8:97:Infinity":45,"s:94:10:94:Infinity":46,"b:95:8:97:Infinity:undefined:undefined:undefined:undefined":13,"s:95:8:97:Infinity":47,"s:96:10:96:Infinity":48,"s:98:8:98:Infinity":49,"b:101:8:103:Infinity:undefined:undefined:undefined:undefined":14,"s:101:8:103:Infinity":50,"b:101:12:101:21:101:21:101:44":15,"s:102:10:102:Infinity":51,"s:104:8:104:Infinity":52,"b:107:8:109:Infinity:undefined:undefined:undefined:undefined":16,"s:107:8:109:Infinity":53,"s:108:10:108:Infinity":54,"s:110:8:110:Infinity":55,"s:113:8:113:Infinity":56,"s:116:4:116:Infinity":57,"s:120:23:131:Infinity":58,"f:120:23:120:29":5,"s:121:22:121:Infinity":59,"s:123:4:128:Infinity":60,"f:123:34:123:35":6,"s:124:20:124:Infinity":61,"b:125:6:127:Infinity:undefined:undefined:undefined:undefined":17,"s:125:6:127:Infinity":62,"s:126:8:126:Infinity":63,"s:130:4:130:Infinity":64,"s:134:23:161:Infinity":65,"f:134:23:134:24":7,"s:135:43:135:Infinity":66,"s:137:4:140:Infinity":67,"f:137:16:137:17":8,"s:137:27:140:6":68,"b:139:36:139:46:139:46:139:Infinity":18,"b:143:4:148:Infinity:undefined:undefined:undefined:undefined":19,"s:143:4:148:Infinity":69,"s:144:6:147:Infinity":70,"f:144:16:144:17":9,"s:144:27:147:8":71,"b:151:4:160:Infinity:undefined:undefined:undefined:undefined":20,"s:151:4:160:Infinity":72,"b:151:8:151:31:151:31:151:57":21,"s:152:27:155:Infinity":73,"s:156:6:159:Infinity":74,"f:156:16:156:17":10,"s:156:27:159:8":75,"s:164:21:175:Infinity":76,"f:164:21:164:22":11,"s:165:43:165:Infinity":77,"s:166:23:166:Infinity":78,"b:166:45:166:55:166:55:166:Infinity":22,"s:167:18:167:Infinity":79,"b:169:4:174:Infinity:undefined:undefined:undefined:undefined":23,"s:169:4:174:Infinity":80,"s:170:6:173:Infinity":81,"f:170:16:170:17":12,"s:170:27:173:8":82,"s:178:23:254:Infinity":83,"f:178:23:178:30":13,"s:179:4:179:Infinity":84,"s:181:23:181:Infinity":85,"b:183:4:186:Infinity:undefined:undefined:undefined:undefined":24,"s:183:4:186:Infinity":86,"s:184:6:184:Infinity":87,"s:185:6:185:Infinity":88,"s:188:4:188:Infinity":89,"s:190:4:253:Infinity":90,"s:191:6:191:Infinity":91,"s:194:6:194:Infinity":92,"s:195:29:200:Infinity":93,"b:198:16:198:34:198:34:198:Infinity":25,"b:202:6:210:Infinity:undefined:undefined:undefined:undefined":26,"s:202:6:210:Infinity":94,"s:203:8:203:Infinity":95,"s:204:8:208:Infinity":96,"b:206:12:206:Infinity:207:12:207:Infinity":27,"s:209:8:209:Infinity":97,"s:212:6:212:Infinity":98,"s:215:6:215:Infinity":99,"s:216:26:219:Infinity":100,"b:221:6:229:Infinity:223:13:229:Infinity":28,"s:221:6:229:Infinity":101,"s:222:8:222:Infinity":102,"s:224:8:227:Infinity":103,"s:232:22:232:Infinity":104,"s:234:6:240:Infinity":105,"s:242:6:242:Infinity":106,"s:245:6:245:Infinity":107,"s:247:6:247:Infinity":108,"s:248:6:250:Infinity":109,"s:252:6:252:Infinity":110,"s:257:30:270:Infinity":111,"f:257:30:257:36":14,"b:258:4:258:Infinity:undefined:undefined:undefined:undefined":29,"s:258:4:258:Infinity":112,"s:258:28:258:Infinity":113,"s:259:21:259:Infinity":114,"s:261:16:261:Infinity":115,"b:262:4:262:Infinity:undefined:undefined:undefined:undefined":30,"s:262:4:262:Infinity":116,"s:262:31:262:Infinity":117,"b:263:4:263:Infinity:undefined:undefined:undefined:undefined":31,"s:263:4:263:Infinity":118,"s:263:31:263:Infinity":119,"b:264:4:264:Infinity:undefined:undefined:undefined:undefined":32,"s:264:4:264:Infinity":120,"s:264:31:264:Infinity":121,"b:265:4:265:Infinity:undefined:undefined:undefined:undefined":33,"s:265:4:265:Infinity":122,"s:265:28:265:Infinity":123,"b:267:4:267:Infinity:undefined:undefined:undefined:undefined":34,"s:267:4:267:Infinity":124,"s:267:20:267:Infinity":125,"b:268:4:268:Infinity:undefined:undefined:undefined:undefined":35,"s:268:4:268:Infinity":126,"s:268:21:268:Infinity":127,"s:269:4:269:Infinity":128,"s:272:27:272:Infinity":129,"s:274:2:435:Infinity":130,"b:294:39:294:55:294:55:294:Infinity":36,"b:298:13:298:Infinity:299:14:299:Infinity":37,"b:314:40:314:56:314:56:314:Infinity":38,"b:318:13:318:Infinity:319:14:319:Infinity":39,"b:334:40:334:56:334:56:334:Infinity":40,"b:338:13:338:Infinity:339:14:339:Infinity":41,"b:354:43:354:59:354:59:354:Infinity":42,"b:358:13:358:Infinity:359:14:361:Infinity":43,"b:363:13:363:Infinity:364:14:364:Infinity":44,"b:382:50:382:66:382:66:382:Infinity":45,"b:386:13:386:Infinity:387:14:387:Infinity":46,"b:399:48:399:67:399:67:399:Infinity":47,"b:412:13:412:Infinity:413:14:413:Infinity":48,"b:417:11:417:Infinity:418:12:418:Infinity":49,"b:422:28:422:50:422:50:422:Infinity":50}}}
,"C:\\Users\\Cesar\\Documents\\team_7\\src\\services\\gamesApi.js": {"path":"C:\\Users\\Cesar\\Documents\\team_7\\src\\services\\gamesApi.js","statementMap":{"0":{"start":{"line":1,"column":21},"end":{"line":1,"column":70}},"1":{"start":{"line":4,"column":23},"end":{"line":15,"column":1}},"2":{"start":{"line":5,"column":2},"end":{"line":10,"column":3}},"3":{"start":{"line":6,"column":18},"end":{"line":8,"column":58}},"4":{"start":{"line":8,"column":20},"end":{"line":8,"column":56}},"5":{"start":{"line":9,"column":4},"end":{"line":9,"column":66}},"6":{"start":{"line":13,"column":15},"end":{"line":13,"column":36}},"7":{"start":{"line":14,"column":2},"end":{"line":14,"column":38}},"8":{"start":{"line":18,"column":27},"end":{"line":26,"column":1}},"9":{"start":{"line":19,"column":2},"end":{"line":25,"column":3}},"10":{"start":{"line":20,"column":21},"end":{"line":20,"column":46}},"11":{"start":{"line":21,"column":4},"end":{"line":21,"column":42}},"12":{"start":{"line":23,"column":4},"end":{"line":23,"column":53}},"13":{"start":{"line":24,"column":4},"end":{"line":24,"column":16}},"14":{"start":{"line":29,"column":27},"end":{"line":37,"column":1}},"15":{"start":{"line":30,"column":2},"end":{"line":36,"column":3}},"16":{"start":{"line":31,"column":21},"end":{"line":31,"column":57}},"17":{"start":{"line":32,"column":4},"end":{"line":32,"column":42}},"18":{"start":{"line":34,"column":4},"end":{"line":34,"column":58}},"19":{"start":{"line":35,"column":4},"end":{"line":35,"column":16}},"20":{"start":{"line":40,"column":26},"end":{"line":57,"column":1}},"21":{"start":{"line":41,"column":2},"end":{"line":56,"column":3}},"22":{"start":{"line":42,"column":21},"end":{"line":51,"column":5}},"23":{"start":{"line":52,"column":4},"end":{"line":52,"column":42}},"24":{"start":{"line":54,"column":4},"end":{"line":54,"column":50}},"25":{"start":{"line":55,"column":4},"end":{"line":55,"column":16}},"26":{"start":{"line":60,"column":26},"end":{"line":74,"column":1}},"27":{"start":{"line":61,"column":2},"end":{"line":73,"column":3}},"28":{"start":{"line":62,"column":21},"end":{"line":68,"column":6}},"29":{"start":{"line":69,"column":4},"end":{"line":69,"column":42}},"30":{"start":{"line":71,"column":4},"end":{"line":71,"column":61}},"31":{"start":{"line":72,"column":4},"end":{"line":72,"column":16}},"32":{"start":{"line":77,"column":25},"end":{"line":91,"column":1}},"33":{"start":{"line":78,"column":2},"end":{"line":90,"column":3}},"34":{"start":{"line":79,"column":21},"end":{"line":85,"column":6}},"35":{"start":{"line":86,"column":4},"end":{"line":86,"column":42}},"36":{"start":{"line":88,"column":4},"end":{"line":88,"column":74}},"37":{"start":{"line":89,"column":4},"end":{"line":89,"column":16}},"38":{"start":{"line":94,"column":26},"end":{"line":104,"column":1}},"39":{"start":{"line":95,"column":2},"end":{"line":103,"column":3}},"40":{"start":{"line":96,"column":21},"end":{"line":98,"column":6}},"41":{"start":{"line":99,"column":4},"end":{"line":99,"column":42}},"42":{"start":{"line":101,"column":4},"end":{"line":101,"column":59}},"43":{"start":{"line":102,"column":4},"end":{"line":102,"column":16}},"44":{"start":{"line":107,"column":37},"end":{"line":110,"column":1}},"45":{"start":{"line":108,"column":2},"end":{"line":108,"column":41}},"46":{"start":{"line":108,"column":28},"end":{"line":108,"column":41}},"47":{"start":{"line":109,"column":2},"end":{"line":109,"column":60}},"48":{"start":{"line":109,"column":32},"end":{"line":109,"column":58}},"49":{"start":{"line":112,"column":27},"end":{"line":120,"column":1}},"50":{"start":{"line":113,"column":2},"end":{"line":113,"column":32}},"51":{"start":{"line":113,"column":19},"end":{"line":113,"column":32}},"52":{"start":{"line":114,"column":15},"end":{"line":114,"column":39}},"53":{"start":{"line":115,"column":2},"end":{"line":119,"column":4}},"54":{"start":{"line":117,"column":6},"end":{"line":118,"column":51}},"55":{"start":{"line":122,"column":25},"end":{"line":141,"column":1}},"56":{"start":{"line":123,"column":20},"end":{"line":123,"column":30}},"57":{"start":{"line":125,"column":2},"end":{"line":140,"column":3}},"58":{"start":{"line":127,"column":6},"end":{"line":127,"column":57}},"59":{"start":{"line":127,"column":38},"end":{"line":127,"column":55}},"60":{"start":{"line":129,"column":6},"end":{"line":129,"column":57}},"61":{"start":{"line":129,"column":38},"end":{"line":129,"column":55}},"62":{"start":{"line":131,"column":6},"end":{"line":131,"column":59}},"63":{"start":{"line":131,"column":38},"end":{"line":131,"column":57}},"64":{"start":{"line":133,"column":6},"end":{"line":133,"column":63}},"65":{"start":{"line":133,"column":38},"end":{"line":133,"column":61}},"66":{"start":{"line":136,"column":6},"end":{"line":139,"column":9}},"67":{"start":{"line":137,"column":8},"end":{"line":137,"column":48}},"68":{"start":{"line":137,"column":39},"end":{"line":137,"column":48}},"69":{"start":{"line":138,"column":8},"end":{"line":138,"column":35}}},"fnMap":{"0":{"name":"(anonymous_0)","decl":{"start":{"line":4,"column":23},"end":{"line":4,"column":28}},"loc":{"start":{"line":4,"column":43},"end":{"line":15,"column":1}},"line":4},"1":{"name":"(anonymous_1)","decl":{"start":{"line":8,"column":13},"end":{"line":8,"column":14}},"loc":{"start":{"line":8,"column":20},"end":{"line":8,"column":56}},"line":8},"2":{"name":"(anonymous_2)","decl":{"start":{"line":18,"column":27},"end":{"line":18,"column":32}},"loc":{"start":{"line":18,"column":39},"end":{"line":26,"column":1}},"line":18},"3":{"name":"(anonymous_3)","decl":{"start":{"line":29,"column":27},"end":{"line":29,"column":32}},"loc":{"start":{"line":29,"column":41},"end":{"line":37,"column":1}},"line":29},"4":{"name":"(anonymous_4)","decl":{"start":{"line":40,"column":26},"end":{"line":40,"column":31}},"loc":{"start":{"line":40,"column":46},"end":{"line":57,"column":1}},"line":40},"5":{"name":"(anonymous_5)","decl":{"start":{"line":60,"column":26},"end":{"line":60,"column":31}},"loc":{"start":{"line":60,"column":50},"end":{"line":74,"column":1}},"line":60},"6":{"name":"(anonymous_6)","decl":{"start":{"line":77,"column":25},"end":{"line":77,"column":30}},"loc":{"start":{"line":77,"column":52},"end":{"line":91,"column":1}},"line":77},"7":{"name":"(anonymous_7)","decl":{"start":{"line":94,"column":26},"end":{"line":94,"column":31}},"loc":{"start":{"line":94,"column":40},"end":{"line":104,"column":1}},"line":94},"8":{"name":"(anonymous_8)","decl":{"start":{"line":107,"column":37},"end":{"line":107,"column":38}},"loc":{"start":{"line":107,"column":58},"end":{"line":110,"column":1}},"line":107},"9":{"name":"(anonymous_9)","decl":{"start":{"line":109,"column":22},"end":{"line":109,"column":23}},"loc":{"start":{"line":109,"column":32},"end":{"line":109,"column":58}},"line":109},"10":{"name":"(anonymous_10)","decl":{"start":{"line":112,"column":27},"end":{"line":112,"column":28}},"loc":{"start":{"line":112,"column":50},"end":{"line":120,"column":1}},"line":112},"11":{"name":"(anonymous_11)","decl":{"start":{"line":116,"column":4},"end":{"line":116,"column":5}},"loc":{"start":{"line":117,"column":6},"end":{"line":118,"column":51}},"line":117},"12":{"name":"(anonymous_12)","decl":{"start":{"line":122,"column":25},"end":{"line":122,"column":26}},"loc":{"start":{"line":122,"column":44},"end":{"line":141,"column":1}},"line":122},"13":{"name":"(anonymous_13)","decl":{"start":{"line":127,"column":28},"end":{"line":127,"column":29}},"loc":{"start":{"line":127,"column":38},"end":{"line":127,"column":55}},"line":127},"14":{"name":"(anonymous_14)","decl":{"start":{"line":129,"column":28},"end":{"line":129,"column":29}},"loc":{"start":{"line":129,"column":38},"end":{"line":129,"column":55}},"line":129},"15":{"name":"(anonymous_15)","decl":{"start":{"line":131,"column":28},"end":{"line":131,"column":29}},"loc":{"start":{"line":131,"column":38},"end":{"line":131,"column":57}},"line":131},"16":{"name":"(anonymous_16)","decl":{"start":{"line":133,"column":28},"end":{"line":133,"column":29}},"loc":{"start":{"line":133,"column":38},"end":{"line":133,"column":61}},"line":133},"17":{"name":"(anonymous_17)","decl":{"start":{"line":136,"column":28},"end":{"line":136,"column":29}},"loc":{"start":{"line":136,"column":38},"end":{"line":139,"column":7}},"line":136}},"branchMap":{"0":{"loc":{"start":{"line":5,"column":2},"end":{"line":10,"column":3}},"type":"if","locations":[{"start":{"line":5,"column":2},"end":{"line":10,"column":3}},{"start":{},"end":{}}],"line":5},"1":{"loc":{"start":{"line":9,"column":20},"end":{"line":9,"column":64}},"type":"binary-expr","locations":[{"start":{"line":9,"column":20},"end":{"line":9,"column":33}},{"start":{"line":9,"column":37},"end":{"line":9,"column":64}}],"line":9},"2":{"loc":{"start":{"line":14,"column":9},"end":{"line":14,"column":37}},"type":"cond-expr","locations":[{"start":{"line":14,"column":16},"end":{"line":14,"column":32}},{"start":{"line":14,"column":35},"end":{"line":14,"column":37}}],"line":14},"3":{"loc":{"start":{"line":108,"column":2},"end":{"line":108,"column":41}},"type":"if","locations":[{"start":{"line":108,"column":2},"end":{"line":108,"column":41}},{"start":{},"end":{}}],"line":108},"4":{"loc":{"start":{"line":113,"column":2},"end":{"line":113,"column":32}},"type":"if","locations":[{"start":{"line":113,"column":2},"end":{"line":113,"column":32}},{"start":{},"end":{}}],"line":113},"5":{"loc":{"start":{"line":117,"column":6},"end":{"line":118,"column":51}},"type":"binary-expr","locations":[{"start":{"line":117,"column":6},"end":{"line":117,"column":45}},{"start":{"line":118,"column":6},"end":{"line":118,"column":51}}],"line":117},"6":{"loc":{"start":{"line":125,"column":2},"end":{"line":140,"column":3}},"type":"switch","locations":[{"start":{"line":126,"column":4},"end":{"line":127,"column":57}},{"start":{"line":128,"column":4},"end":{"line":129,"column":57}},{"start":{"line":130,"column":4},"end":{"line":131,"column":59}},{"start":{"line":132,"column":4},"end":{"line":133,"column":63}},{"start":{"line":134,"column":4},"end":{"line":134,"column":20}},{"start":{"line":135,"column":4},"end":{"line":139,"column":9}}],"line":125},"7":{"loc":{"start":{"line":137,"column":8},"end":{"line":137,"column":48}},"type":"if","locations":[{"start":{"line":137,"column":8},"end":{"line":137,"column":48}},{"start":{},"end":{}}],"line":137},"8":{"loc":{"start":{"line":138,"column":15},"end":{"line":138,"column":34}},"type":"cond-expr","locations":[{"start":{"line":138,"column":28},"end":{"line":138,"column":30}},{"start":{"line":138,"column":33},"end":{"line":138,"column":34}}],"line":138}},"s":{"0":2,"1":2,"2":8,"3":2,"4":0,"5":2,"6":6,"7":6,"8":2,"9":2,"10":2,"11":2,"12":1,"13":1,"14":2,"15":2,"16":2,"17":2,"18":1,"19":1,"20":2,"21":1,"22":1,"23":1,"24":0,"25":0,"26":2,"27":1,"28":1,"29":1,"30":0,"31":0,"32":2,"33":1,"34":1,"35":1,"36":0,"37":0,"38":2,"39":1,"40":1,"41":1,"42":0,"43":0,"44":2,"45":25,"46":24,"47":1,"48":2,"49":2,"50":24,"51":21,"52":3,"53":3,"54":8,"55":2,"56":28,"57":28,"58":2,"59":3,"60":2,"61":3,"62":1,"63":1,"64":1,"65":1,"66":22,"67":81,"68":20,"69":61},"f":{"0":8,"1":0,"2":2,"3":2,"4":1,"5":1,"6":1,"7":1,"8":25,"9":2,"10":24,"11":8,"12":28,"13":3,"14":3,"15":1,"16":1,"17":81},"b":{"0":[2,6],"1":[2,0],"2":[5,1],"3":[24,1],"4":[21,3],"5":[8,3],"6":[2,2,1,1,22,22],"7":[20,61],"8":[41,20]},"meta":{"lastBranch":9,"lastFunction":18,"lastStatement":70,"seen":{"s:1:21:1:70":0,"s:4:23:15:1":1,"f:4:23:4:28":0,"b:5:2:10:3:undefined:undefined:undefined:undefined":0,"s:5:2:10:3":2,"s:6:18:8:58":3,"f:8:13:8:14":1,"s:8:20:8:56":4,"s:9:4:9:66":5,"b:9:20:9:33:9:37:9:64":1,"s:13:15:13:36":6,"s:14:2:14:38":7,"b:14:16:14:32:14:35:14:37":2,"s:18:27:26:1":8,"f:18:27:18:32":2,"s:19:2:25:3":9,"s:20:21:20:46":10,"s:21:4:21:42":11,"s:23:4:23:53":12,"s:24:4:24:16":13,"s:29:27:37:1":14,"f:29:27:29:32":3,"s:30:2:36:3":15,"s:31:21:31:57":16,"s:32:4:32:42":17,"s:34:4:34:58":18,"s:35:4:35:16":19,"s:40:26:57:1":20,"f:40:26:40:31":4,"s:41:2:56:3":21,"s:42:21:51:5":22,"s:52:4:52:42":23,"s:54:4:54:50":24,"s:55:4:55:16":25,"s:60:26:74:1":26,"f:60:26:60:31":5,"s:61:2:73:3":27,"s:62:21:68:6":28,"s:69:4:69:42":29,"s:71:4:71:61":30,"s:72:4:72:16":31,"s:77:25:91:1":32,"f:77:25:77:30":6,"s:78:2:90:3":33,"s:79:21:85:6":34,"s:86:4:86:42":35,"s:88:4:88:74":36,"s:89:4:89:16":37,"s:94:26:104:1":38,"f:94:26:94:31":7,"s:95:2:103:3":39,"s:96:21:98:6":40,"s:99:4:99:42":41,"s:101:4:101:59":42,"s:102:4:102:16":43,"s:107:37:110:1":44,"f:107:37:107:38":8,"b:108:2:108:41:undefined:undefined:undefined:undefined":3,"s:108:2:108:41":45,"s:108:28:108:41":46,"s:109:2:109:60":47,"f:109:22:109:23":9,"s:109:32:109:58":48,"s:112:27:120:1":49,"f:112:27:112:28":10,"b:113:2:113:32:undefined:undefined:undefined:undefined":4,"s:113:2:113:32":50,"s:113:19:113:32":51,"s:114:15:114:39":52,"s:115:2:119:4":53,"f:116:4:116:5":11,"s:117:6:118:51":54,"b:117:6:117:45:118:6:118:51":5,"s:122:25:141:1":55,"f:122:25:122:26":12,"s:123:20:123:30":56,"b:126:4:127:57:128:4:129:57:130:4:131:59:132:4:133:63:134:4:134:20:135:4:139:9":6,"s:125:2:140:3":57,"s:127:6:127:57":58,"f:127:28:127:29":13,"s:127:38:127:55":59,"s:129:6:129:57":60,"f:129:28:129:29":14,"s:129:38:129:55":61,"s:131:6:131:59":62,"f:131:28:131:29":15,"s:131:38:131:57":63,"s:133:6:133:63":64,"f:133:28:133:29":16,"s:133:38:133:61":65,"s:136:6:139:9":66,"f:136:28:136:29":17,"b:137:8:137:48:undefined:undefined:undefined:undefined":7,"s:137:8:137:48":67,"s:137:39:137:48":68,"s:138:8:138:35":69,"b:138:28:138:30:138:33:138:34":8}}}
}
